#
# There is insufficient memory for the Java Runtime Environment to continue.
# Native memory allocation (malloc) failed to allocate 1294896 bytes for Chunk::new
# Possible reasons:
#   The system is out of physical RAM or swap space
#   The process is running with CompressedOops enabled, and the Java Heap may be blocking the growth of the native heap
# Possible solutions:
#   Reduce memory load on the system
#   Increase physical memory or swap space
#   Check if swap backing store is full
#   Decrease Java heap size (-Xmx/-Xms)
#   Decrease number of Java threads
#   Decrease Java thread stack sizes (-Xss)
#   Set larger code cache with -XX:ReservedCodeCacheSize=
#   JVM is running with Zero Based Compressed Oops mode in which the Java heap is
#     placed in the first 32GB address space. The Java Heap base address is the
#     maximum limit for the native heap growth. Please use -XX:HeapBaseMinAddress
#     to set the Java Heap base and to place the Java Heap above 32GB virtual address.
# This output file may be truncated or incomplete.
#
#  Out of Memory Error (arena.cpp:189), pid=40888, tid=16340
#
# JRE version: OpenJDK Runtime Environment Temurin-17.0.5+8 (17.0.5+8) (build 17.0.5+8)
# Java VM: OpenJDK 64-Bit Server VM Temurin-17.0.5+8 (17.0.5+8, mixed mode, tiered, compressed oops, compressed class ptrs, g1 gc, windows-amd64)
# No core dump will be written. Minidumps are not enabled by default on client versions of Windows
#

---------------  S U M M A R Y ------------

Command Line: -ea -Dfile.encoding=UTF-8 -XX:+ShowCodeDetailsInExceptionMessages org.testng.remote.RemoteTestNG -serport 58663 -protocol json -d C:\Kavita\ReceipeHackathon\Git_project\test-output C:\Kavita\ReceipeHackathon\Git_project\testng.xml

Host: 12th Gen Intel(R) Core(TM) i7-1260P, 16 cores, 15G,  Windows 11 , 64 bit Build 22621 (10.0.22621.3672)
Time: Wed Jul 17 11:02:10 2024 Eastern Daylight Time elapsed time: 26.824664 seconds (0d 0h 0m 26s)

---------------  T H R E A D  ---------------

Current thread (0x000001e79c8a6440):  JavaThread "C2 CompilerThread1" daemon [_thread_in_native, id=16340, stack(0x0000007f13400000,0x0000007f13500000)]


Current CompileTask:
C2:  26824 6410       4       sun.security.ec.ECOperations::setDouble (559 bytes)

Stack: [0x0000007f13400000,0x0000007f13500000]
Native frames: (J=compiled Java code, j=interpreted, Vv=VM code, C=native code)
V  [jvm.dll+0x676b3a]
V  [jvm.dll+0x831444]
V  [jvm.dll+0x832bee]
V  [jvm.dll+0x833253]
V  [jvm.dll+0x244ce5]
V  [jvm.dll+0xabbac]
V  [jvm.dll+0xac17c]
V  [jvm.dll+0x362d02]
V  [jvm.dll+0x32d591]
V  [jvm.dll+0x32ca3a]
V  [jvm.dll+0x217b51]
V  [jvm.dll+0x216f71]
V  [jvm.dll+0x1a343d]
V  [jvm.dll+0x22698a]
V  [jvm.dll+0x224ac5]
V  [jvm.dll+0x7e727b]
V  [jvm.dll+0x7e17ea]
V  [jvm.dll+0x6759e5]
C  [ucrtbase.dll+0x29333]
C  [KERNEL32.DLL+0x1257d]
C  [ntdll.dll+0x5af28]


---------------  P R O C E S S  ---------------

Threads class SMR info:
_java_thread_list=0x000001e79c6172b0, length=31, elements={
0x000001e7f940c790, 0x000001e79abe73d0, 0x000001e79abe8780, 0x000001e79ac26fd0,
0x000001e79ac25c90, 0x000001e79ac27970, 0x000001e79ac26b00, 0x000001e79ac57400,
0x000001e79ac5fde0, 0x000001e79ac726f0, 0x000001e79ac26160, 0x000001e79ac28310,
0x000001e79ac27e40, 0x000001e79ac287e0, 0x000001e79ac26630, 0x000001e79ac28cb0,
0x000001e79ac29180, 0x000001e79ac257c0, 0x000001e79df78f10, 0x000001e79df780a0,
0x000001e79df75ef0, 0x000001e79df72530, 0x000001e79df75080, 0x000001e79df78570,
0x000001e79df75550, 0x000001e79df78a40, 0x000001e79c8a6440, 0x000001e79c8a87b0,
0x000001e79c8a6e60, 0x000001e79c8a7d90, 0x000001e79c8a91d0
}

Java Threads: ( => current thread )
  0x000001e7f940c790 JavaThread "main" [_thread_in_native, id=41452, stack(0x0000007f12400000,0x0000007f12500000)]
  0x000001e79abe73d0 JavaThread "Reference Handler" daemon [_thread_blocked, id=22276, stack(0x0000007f12b00000,0x0000007f12c00000)]
  0x000001e79abe8780 JavaThread "Finalizer" daemon [_thread_blocked, id=22240, stack(0x0000007f12c00000,0x0000007f12d00000)]
  0x000001e79ac26fd0 JavaThread "Signal Dispatcher" daemon [_thread_blocked, id=22964, stack(0x0000007f12d00000,0x0000007f12e00000)]
  0x000001e79ac25c90 JavaThread "Attach Listener" daemon [_thread_blocked, id=47924, stack(0x0000007f12e00000,0x0000007f12f00000)]
  0x000001e79ac27970 JavaThread "Service Thread" daemon [_thread_blocked, id=49184, stack(0x0000007f12f00000,0x0000007f13000000)]
  0x000001e79ac26b00 JavaThread "Monitor Deflation Thread" daemon [_thread_blocked, id=42292, stack(0x0000007f13000000,0x0000007f13100000)]
  0x000001e79ac57400 JavaThread "C2 CompilerThread0" daemon [_thread_blocked, id=26044, stack(0x0000007f13100000,0x0000007f13200000)]
  0x000001e79ac5fde0 JavaThread "C1 CompilerThread0" daemon [_thread_blocked, id=45928, stack(0x0000007f13200000,0x0000007f13300000)]
  0x000001e79ac726f0 JavaThread "Sweeper thread" daemon [_thread_blocked, id=49348, stack(0x0000007f13300000,0x0000007f13400000)]
  0x000001e79ac26160 JavaThread "Notification Thread" daemon [_thread_blocked, id=4308, stack(0x0000007f13600000,0x0000007f13700000)]
  0x000001e79ac28310 JavaThread "Common-Cleaner" daemon [_thread_blocked, id=48292, stack(0x0000007f13800000,0x0000007f13900000)]
  0x000001e79ac27e40 JavaThread "ReaderThread" [_thread_in_native, id=13540, stack(0x0000007f13c00000,0x0000007f13d00000)]
  0x000001e79ac287e0 JavaThread "ForkJoinPool.commonPool-worker-1" daemon [_thread_blocked, id=33868, stack(0x0000007f13900000,0x0000007f13a00000)]
  0x000001e79ac26630 JavaThread "HttpClient-1-SelectorManager" daemon [_thread_in_native, id=27060, stack(0x0000007f14b00000,0x0000007f14c00000)]
  0x000001e79ac28cb0 JavaThread "External Process Output Forwarder - C:\Users\prash\.cache\selenium\chromedriver\win64\126.0.6478.182\chromedriver.exe" daemon [_thread_in_native, id=29176, stack(0x0000007f14c00000,0x0000007f14d00000)]
  0x000001e79ac29180 JavaThread "Driver Service Executor" daemon [_thread_blocked, id=36140, stack(0x0000007f14d00000,0x0000007f14e00000)]
  0x000001e79ac257c0 JavaThread "Driver Service Executor" daemon [_thread_blocked, id=16948, stack(0x0000007f14e00000,0x0000007f14f00000)]
  0x000001e79df78f10 JavaThread "UrlChecker-2" daemon [_thread_blocked, id=30248, stack(0x0000007f14f00000,0x0000007f15000000)]
  0x000001e79df780a0 JavaThread "JdkHttpClient-0-0" daemon [_thread_blocked, id=42224, stack(0x0000007f14a00000,0x0000007f14b00000)]
  0x000001e79df75ef0 JavaThread "JdkHttpClient-0-1" daemon [_thread_blocked, id=49232, stack(0x0000007f15300000,0x0000007f15400000)]
  0x000001e79df72530 JavaThread "JdkHttpClient-0-2" daemon [_thread_blocked, id=21700, stack(0x0000007f15400000,0x0000007f15500000)]
  0x000001e79df75080 JavaThread "HttpClient-2-SelectorManager" daemon [_thread_in_native, id=45060, stack(0x0000007f13a00000,0x0000007f13b00000)]
  0x000001e79df78570 JavaThread "JdkHttpClient-1-0" daemon [_thread_blocked, id=1568, stack(0x0000007f15500000,0x0000007f15600000)]
  0x000001e79df75550 JavaThread "JdkHttpClient-1-1" daemon [_thread_blocked, id=21648, stack(0x0000007f15600000,0x0000007f15700000)]
  0x000001e79df78a40 JavaThread "JdkHttpClient-1-2" daemon [_thread_blocked, id=12284, stack(0x0000007f15700000,0x0000007f15800000)]
=>0x000001e79c8a6440 JavaThread "C2 CompilerThread1" daemon [_thread_in_native, id=16340, stack(0x0000007f13400000,0x0000007f13500000)]
  0x000001e79c8a87b0 JavaThread "C2 CompilerThread2" daemon [_thread_blocked, id=43176, stack(0x0000007f13500000,0x0000007f13600000)]
  0x000001e79c8a6e60 JavaThread "C1 CompilerThread1" daemon [_thread_blocked, id=46272, stack(0x0000007f13d00000,0x0000007f13e00000)]
  0x000001e79c8a7d90 JavaThread "C1 CompilerThread2" daemon [_thread_blocked, id=48004, stack(0x0000007f15000000,0x0000007f15100000)]
  0x000001e79c8a91d0 JavaThread "C1 CompilerThread3" daemon [_thread_blocked, id=23120, stack(0x0000007f15800000,0x0000007f15900000)]

Other Threads:
  0x000001e79a92ecf0 VMThread "VM Thread" [stack: 0x0000007f12a00000,0x0000007f12b00000] [id=33408]
  0x000001e79adf88f0 WatcherThread [stack: 0x0000007f13700000,0x0000007f13800000] [id=49832]
  0x000001e7fb5ad540 GCTaskThread "GC Thread#0" [stack: 0x0000007f12500000,0x0000007f12600000] [id=1488]
  0x000001e79cc0d3f0 GCTaskThread "GC Thread#1" [stack: 0x0000007f13e00000,0x0000007f13f00000] [id=29824]
  0x000001e79c744590 GCTaskThread "GC Thread#2" [stack: 0x0000007f13f00000,0x0000007f14000000] [id=29356]
  0x000001e79c16aa20 GCTaskThread "GC Thread#3" [stack: 0x0000007f14000000,0x0000007f14100000] [id=7840]
  0x000001e79c6f29d0 GCTaskThread "GC Thread#4" [stack: 0x0000007f14100000,0x0000007f14200000] [id=33272]
  0x000001e79c6f2c80 GCTaskThread "GC Thread#5" [stack: 0x0000007f14200000,0x0000007f14300000] [id=13704]
  0x000001e79c3799a0 GCTaskThread "GC Thread#6" [stack: 0x0000007f14300000,0x0000007f14400000] [id=45880]
  0x000001e79d081560 GCTaskThread "GC Thread#7" [stack: 0x0000007f14400000,0x0000007f14500000] [id=48660]
  0x000001e79cc03050 GCTaskThread "GC Thread#8" [stack: 0x0000007f14500000,0x0000007f14600000] [id=41700]
  0x000001e79cc03300 GCTaskThread "GC Thread#9" [stack: 0x0000007f14600000,0x0000007f14700000] [id=17548]
  0x000001e79c906b00 GCTaskThread "GC Thread#10" [stack: 0x0000007f14700000,0x0000007f14800000] [id=7160]
  0x000001e79cde80b0 GCTaskThread "GC Thread#11" [stack: 0x0000007f15100000,0x0000007f15200000] [id=34472]
  0x000001e79cde8360 GCTaskThread "GC Thread#12" [stack: 0x0000007f15200000,0x0000007f15300000] [id=50160]
  0x000001e7fb5bdf50 ConcurrentGCThread "G1 Main Marker" [stack: 0x0000007f12600000,0x0000007f12700000] [id=42576]
  0x000001e7fb5be870 ConcurrentGCThread "G1 Conc#0" [stack: 0x0000007f12700000,0x0000007f12800000] [id=37068]
  0x000001e79c906db0 ConcurrentGCThread "G1 Conc#1" [stack: 0x0000007f14800000,0x0000007f14900000] [id=32092]
  0x000001e79cbbf030 ConcurrentGCThread "G1 Conc#2" [stack: 0x0000007f14900000,0x0000007f14a00000] [id=48216]
  0x000001e7fb5eecf0 ConcurrentGCThread "G1 Refine#0" [stack: 0x0000007f12800000,0x0000007f12900000] [id=29904]
  0x000001e7a195d3a0 ConcurrentGCThread "G1 Refine#1" [stack: 0x0000007f15e00000,0x0000007f15f00000] [id=31364]
  0x000001e7a0b57250 ConcurrentGCThread "G1 Refine#2" [stack: 0x0000007f15f00000,0x0000007f16000000] [id=27912]
  0x000001e79e8ec880 ConcurrentGCThread "G1 Refine#3" [stack: 0x0000007f16000000,0x0000007f16100000] [id=44312]
  0x000001e79e498cb0 ConcurrentGCThread "G1 Refine#4" [stack: 0x0000007f16100000,0x0000007f16200000] [id=19412]
  0x000001e79e1e0540 ConcurrentGCThread "G1 Refine#5" [stack: 0x0000007f16200000,0x0000007f16300000] [id=47896]
  0x000001e79e1dff80 ConcurrentGCThread "G1 Refine#6" [stack: 0x0000007f16300000,0x0000007f16400000] [id=18824]
  0x000001e79e1df9c0 ConcurrentGCThread "G1 Refine#7" [stack: 0x0000007f16400000,0x0000007f16500000] [id=44472]
  0x000001e79e1dfca0 ConcurrentGCThread "G1 Refine#8" [stack: 0x0000007f16500000,0x0000007f16600000] [id=48100]
  0x000001e79e1e0260 ConcurrentGCThread "G1 Refine#9" [stack: 0x0000007f16600000,0x0000007f16700000] [id=40984]
  0x000001e79cc4fbc0 ConcurrentGCThread "G1 Refine#10" [stack: 0x0000007f16700000,0x0000007f16800000] [id=37116]
  0x000001e79cc4f8e0 ConcurrentGCThread "G1 Refine#11" [stack: 0x0000007f16800000,0x0000007f16900000] [id=9392]
  0x000001e79cc50460 ConcurrentGCThread "G1 Refine#12" [stack: 0x0000007f16900000,0x0000007f16a00000] [id=24076]
  0x000001e79a825bb0 ConcurrentGCThread "G1 Service" [stack: 0x0000007f12900000,0x0000007f12a00000] [id=25196]

Threads with active compile tasks:
C2 CompilerThread1    26860 6410       4       sun.security.ec.ECOperations::setDouble (559 bytes)

VM state: not at safepoint (normal execution)

VM Mutex/Monitor currently owned by a thread: None

Heap address: 0x0000000704400000, size: 4028 MB, Compressed Oops mode: Zero based, Oop shift amount: 3

CDS archive(s) not mapped
Compressed class space mapped at: 0x0000000800000000-0x0000000840000000, reserved size: 1073741824
Narrow klass base: 0x0000000800000000, Narrow klass shift: 0, Narrow klass range: 0x40000000

GC Precious Log:
 CPUs: 16 total, 16 available
 Memory: 16108M
 Large Page Support: Disabled
 NUMA Support: Disabled
 Compressed Oops: Enabled (Zero based)
 Heap Region Size: 2M
 Heap Min Capacity: 8M
 Heap Initial Capacity: 252M
 Heap Max Capacity: 4028M
 Pre-touch: Disabled
 Parallel Workers: 13
 Concurrent Workers: 3
 Concurrent Refinement Workers: 13
 Periodic GC: Disabled

Heap:
 garbage-first heap   total 153600K, used 56729K [0x0000000704400000, 0x0000000800000000)
  region size 2048K, 6 young (12288K), 1 survivors (2048K)
 Metaspace       used 46725K, committed 47104K, reserved 1097728K
  class space    used 5255K, committed 5440K, reserved 1048576K

Heap Regions: E=young(eden), S=young(survivor), O=old, HS=humongous(starts), HC=humongous(continues), CS=collection set, F=free, OA=open archive, CA=closed archive, TAMS=top-at-mark-start (previous, next)
|   0|0x0000000704400000, 0x0000000704600000, 0x0000000704600000|100%| O|  |TAMS 0x0000000704600000, 0x0000000704400000| Untracked 
|   1|0x0000000704600000, 0x0000000704800000, 0x0000000704800000|100%| O|  |TAMS 0x0000000704800000, 0x0000000704600000| Untracked 
|   2|0x0000000704800000, 0x0000000704a00000, 0x0000000704a00000|100%| O|  |TAMS 0x0000000704a00000, 0x0000000704800000| Untracked 
|   3|0x0000000704a00000, 0x0000000704c00000, 0x0000000704c00000|100%| O|  |TAMS 0x0000000704a00000, 0x0000000704a00000| Untracked 
|   4|0x0000000704c00000, 0x0000000704e00000, 0x0000000704e00000|100%| O|  |TAMS 0x0000000704e00000, 0x0000000704c00000| Untracked 
|   5|0x0000000704e00000, 0x0000000705000000, 0x0000000705000000|100%| O|  |TAMS 0x0000000705000000, 0x0000000704e00000| Untracked 
|   6|0x0000000705000000, 0x0000000705200000, 0x0000000705200000|100%| O|  |TAMS 0x000000070511b800, 0x0000000705000000| Untracked 
|   7|0x0000000705200000, 0x0000000705400000, 0x0000000705400000|100%| O|  |TAMS 0x0000000705200000, 0x0000000705200000| Untracked 
|   8|0x0000000705400000, 0x0000000705600000, 0x0000000705600000|100%| O|  |TAMS 0x0000000705400000, 0x0000000705400000| Untracked 
|   9|0x0000000705600000, 0x0000000705800000, 0x0000000705800000|100%| O|  |TAMS 0x0000000705600000, 0x0000000705600000| Untracked 
|  10|0x0000000705800000, 0x0000000705a00000, 0x0000000705a00000|100%| O|  |TAMS 0x0000000705800000, 0x0000000705800000| Untracked 
|  11|0x0000000705a00000, 0x0000000705c00000, 0x0000000705c00000|100%| O|  |TAMS 0x0000000705a00000, 0x0000000705a00000| Untracked 
|  12|0x0000000705c00000, 0x0000000705e00000, 0x0000000705e00000|100%| O|  |TAMS 0x0000000705c00000, 0x0000000705c00000| Untracked 
|  13|0x0000000705e00000, 0x0000000706000000, 0x0000000706000000|100%| O|  |TAMS 0x0000000705e00000, 0x0000000705e00000| Untracked 
|  14|0x0000000706000000, 0x0000000706200000, 0x0000000706200000|100%| O|  |TAMS 0x0000000706000000, 0x0000000706000000| Untracked 
|  15|0x0000000706200000, 0x0000000706400000, 0x0000000706400000|100%| O|  |TAMS 0x0000000706200000, 0x0000000706200000| Untracked 
|  16|0x0000000706400000, 0x0000000706600000, 0x0000000706600000|100%| O|  |TAMS 0x0000000706400000, 0x0000000706400000| Untracked 
|  17|0x0000000706600000, 0x0000000706800000, 0x0000000706800000|100%| O|  |TAMS 0x0000000706600000, 0x0000000706600000| Untracked 
|  18|0x0000000706800000, 0x0000000706a00000, 0x0000000706a00000|100%| O|  |TAMS 0x0000000706800000, 0x0000000706800000| Untracked 
|  19|0x0000000706a00000, 0x0000000706c00000, 0x0000000706c00000|100%| O|  |TAMS 0x0000000706a00000, 0x0000000706a00000| Untracked 
|  20|0x0000000706c00000, 0x0000000706e00000, 0x0000000706e00000|100%| O|  |TAMS 0x0000000706c00000, 0x0000000706c00000| Untracked 
|  21|0x0000000706e00000, 0x0000000707000000, 0x0000000707000000|100%| O|  |TAMS 0x0000000706e00000, 0x0000000706e00000| Untracked 
|  22|0x0000000707000000, 0x00000007071b5c00, 0x0000000707200000| 85%| O|  |TAMS 0x0000000707000000, 0x0000000707000000| Untracked 
|  23|0x0000000707200000, 0x0000000707200000, 0x0000000707400000|  0%| F|  |TAMS 0x0000000707200000, 0x0000000707200000| Untracked 
|  24|0x0000000707400000, 0x0000000707400000, 0x0000000707600000|  0%| F|  |TAMS 0x0000000707400000, 0x0000000707400000| Untracked 
|  25|0x0000000707600000, 0x0000000707600000, 0x0000000707800000|  0%| F|  |TAMS 0x0000000707600000, 0x0000000707600000| Untracked 
|  26|0x0000000707800000, 0x0000000707800000, 0x0000000707a00000|  0%| F|  |TAMS 0x0000000707800000, 0x0000000707800000| Untracked 
|  27|0x0000000707a00000, 0x0000000707a00000, 0x0000000707c00000|  0%| F|  |TAMS 0x0000000707a00000, 0x0000000707a00000| Untracked 
|  28|0x0000000707c00000, 0x0000000707c00000, 0x0000000707e00000|  0%| F|  |TAMS 0x0000000707c00000, 0x0000000707c00000| Untracked 
|  29|0x0000000707e00000, 0x0000000707e00000, 0x0000000708000000|  0%| F|  |TAMS 0x0000000707e00000, 0x0000000707e00000| Untracked 
|  30|0x0000000708000000, 0x0000000708000000, 0x0000000708200000|  0%| F|  |TAMS 0x0000000708000000, 0x0000000708000000| Untracked 
|  31|0x0000000708200000, 0x0000000708200000, 0x0000000708400000|  0%| F|  |TAMS 0x0000000708200000, 0x0000000708200000| Untracked 
|  32|0x0000000708400000, 0x0000000708400000, 0x0000000708600000|  0%| F|  |TAMS 0x0000000708400000, 0x0000000708400000| Untracked 
|  33|0x0000000708600000, 0x0000000708600000, 0x0000000708800000|  0%| F|  |TAMS 0x0000000708600000, 0x0000000708600000| Untracked 
|  34|0x0000000708800000, 0x0000000708800000, 0x0000000708a00000|  0%| F|  |TAMS 0x0000000708800000, 0x0000000708800000| Untracked 
|  35|0x0000000708a00000, 0x0000000708a00000, 0x0000000708c00000|  0%| F|  |TAMS 0x0000000708a00000, 0x0000000708a00000| Untracked 
|  36|0x0000000708c00000, 0x0000000708c00000, 0x0000000708e00000|  0%| F|  |TAMS 0x0000000708c00000, 0x0000000708c00000| Untracked 
|  37|0x0000000708e00000, 0x0000000708e00000, 0x0000000709000000|  0%| F|  |TAMS 0x0000000708e00000, 0x0000000708e00000| Untracked 
|  38|0x0000000709000000, 0x0000000709000000, 0x0000000709200000|  0%| F|  |TAMS 0x0000000709000000, 0x0000000709000000| Untracked 
|  39|0x0000000709200000, 0x0000000709200000, 0x0000000709400000|  0%| F|  |TAMS 0x0000000709200000, 0x0000000709200000| Untracked 
|  40|0x0000000709400000, 0x0000000709400000, 0x0000000709600000|  0%| F|  |TAMS 0x0000000709400000, 0x0000000709400000| Untracked 
|  41|0x0000000709600000, 0x0000000709600000, 0x0000000709800000|  0%| F|  |TAMS 0x0000000709600000, 0x0000000709600000| Untracked 
|  42|0x0000000709800000, 0x00000007099b0b40, 0x0000000709a00000| 84%| S|CS|TAMS 0x0000000709800000, 0x0000000709800000| Complete 
|  43|0x0000000709a00000, 0x0000000709a00000, 0x0000000709c00000|  0%| F|  |TAMS 0x0000000709a00000, 0x0000000709a00000| Untracked 
|  44|0x0000000709c00000, 0x0000000709c00000, 0x0000000709e00000|  0%| F|  |TAMS 0x0000000709c00000, 0x0000000709c00000| Untracked 
|  45|0x0000000709e00000, 0x0000000709e00000, 0x000000070a000000|  0%| F|  |TAMS 0x0000000709e00000, 0x0000000709e00000| Untracked 
|  46|0x000000070a000000, 0x000000070a000000, 0x000000070a200000|  0%| F|  |TAMS 0x000000070a000000, 0x000000070a000000| Untracked 
|  47|0x000000070a200000, 0x000000070a200000, 0x000000070a400000|  0%| F|  |TAMS 0x000000070a200000, 0x000000070a200000| Untracked 
|  48|0x000000070a400000, 0x000000070a400000, 0x000000070a600000|  0%| F|  |TAMS 0x000000070a400000, 0x000000070a400000| Untracked 
|  49|0x000000070a600000, 0x000000070a600000, 0x000000070a800000|  0%| F|  |TAMS 0x000000070a600000, 0x000000070a600000| Untracked 
|  50|0x000000070a800000, 0x000000070a800000, 0x000000070aa00000|  0%| F|  |TAMS 0x000000070a800000, 0x000000070a800000| Untracked 
|  51|0x000000070aa00000, 0x000000070aa00000, 0x000000070ac00000|  0%| F|  |TAMS 0x000000070aa00000, 0x000000070aa00000| Untracked 
|  52|0x000000070ac00000, 0x000000070ac00000, 0x000000070ae00000|  0%| F|  |TAMS 0x000000070ac00000, 0x000000070ac00000| Untracked 
|  53|0x000000070ae00000, 0x000000070ae00000, 0x000000070b000000|  0%| F|  |TAMS 0x000000070ae00000, 0x000000070ae00000| Untracked 
|  54|0x000000070b000000, 0x000000070b000000, 0x000000070b200000|  0%| F|  |TAMS 0x000000070b000000, 0x000000070b000000| Untracked 
|  55|0x000000070b200000, 0x000000070b200000, 0x000000070b400000|  0%| F|  |TAMS 0x000000070b200000, 0x000000070b200000| Untracked 
|  56|0x000000070b400000, 0x000000070b400000, 0x000000070b600000|  0%| F|  |TAMS 0x000000070b400000, 0x000000070b400000| Untracked 
|  57|0x000000070b600000, 0x000000070b600000, 0x000000070b800000|  0%| F|  |TAMS 0x000000070b600000, 0x000000070b600000| Untracked 
|  58|0x000000070b800000, 0x000000070b800000, 0x000000070ba00000|  0%| F|  |TAMS 0x000000070b800000, 0x000000070b800000| Untracked 
|  59|0x000000070ba00000, 0x000000070ba00000, 0x000000070bc00000|  0%| F|  |TAMS 0x000000070ba00000, 0x000000070ba00000| Untracked 
|  60|0x000000070bc00000, 0x000000070bc00000, 0x000000070be00000|  0%| F|  |TAMS 0x000000070bc00000, 0x000000070bc00000| Untracked 
|  61|0x000000070be00000, 0x000000070be00000, 0x000000070c000000|  0%| F|  |TAMS 0x000000070be00000, 0x000000070be00000| Untracked 
|  62|0x000000070c000000, 0x000000070c000000, 0x000000070c200000|  0%| F|  |TAMS 0x000000070c000000, 0x000000070c000000| Untracked 
|  63|0x000000070c200000, 0x000000070c200000, 0x000000070c400000|  0%| F|  |TAMS 0x000000070c200000, 0x000000070c200000| Untracked 
|  64|0x000000070c400000, 0x000000070c400000, 0x000000070c600000|  0%| F|  |TAMS 0x000000070c400000, 0x000000070c400000| Untracked 
|  65|0x000000070c600000, 0x000000070c600000, 0x000000070c800000|  0%| F|  |TAMS 0x000000070c600000, 0x000000070c600000| Untracked 
|  66|0x000000070c800000, 0x000000070c800000, 0x000000070ca00000|  0%| F|  |TAMS 0x000000070c800000, 0x000000070c800000| Untracked 
|  67|0x000000070ca00000, 0x000000070ca00000, 0x000000070cc00000|  0%| F|  |TAMS 0x000000070ca00000, 0x000000070ca00000| Untracked 
|  68|0x000000070cc00000, 0x000000070cc00000, 0x000000070ce00000|  0%| F|  |TAMS 0x000000070cc00000, 0x000000070cc00000| Untracked 
|  69|0x000000070ce00000, 0x000000070ce00000, 0x000000070d000000|  0%| F|  |TAMS 0x000000070ce00000, 0x000000070ce00000| Untracked 
|  70|0x000000070d000000, 0x000000070d153220, 0x000000070d200000| 66%| E|  |TAMS 0x000000070d000000, 0x000000070d000000| Complete 
|  71|0x000000070d200000, 0x000000070d400000, 0x000000070d400000|100%| E|CS|TAMS 0x000000070d200000, 0x000000070d200000| Complete 
| 109|0x0000000711e00000, 0x0000000712000000, 0x0000000712000000|100%| E|CS|TAMS 0x0000000711e00000, 0x0000000711e00000| Complete 
| 110|0x0000000712000000, 0x0000000712200000, 0x0000000712200000|100%| E|CS|TAMS 0x0000000712000000, 0x0000000712000000| Complete 
| 125|0x0000000713e00000, 0x0000000714000000, 0x0000000714000000|100%| E|CS|TAMS 0x0000000713e00000, 0x0000000713e00000| Complete 

Card table byte_map: [0x000001e78f000000,0x000001e78f7e0000] _byte_map_base: 0x000001e78b7de000

Marking Bits (Prev, Next): (CMBitMap*) 0x000001e7fb5ada60, (CMBitMap*) 0x000001e7fb5adaa0
 Prev Bits: [0x000001e78ffc0000, 0x000001e793eb0000)
 Next Bits: [0x000001e793eb0000, 0x000001e797da0000)

Polling page: 0x000001e7f94e0000

Metaspace:

Usage:
  Non-class:     40.50 MB used.
      Class:      5.13 MB used.
       Both:     45.63 MB used.

Virtual space:
  Non-class space:       48.00 MB reserved,      40.69 MB ( 85%) committed,  6 nodes.
      Class space:        1.00 GB reserved,       5.31 MB ( <1%) committed,  1 nodes.
             Both:        1.05 GB reserved,      46.00 MB (  4%) committed. 

Chunk freelists:
   Non-Class:  2.57 MB
       Class:  2.63 MB
        Both:  5.20 MB

MaxMetaspaceSize: unlimited
CompressedClassSpaceSize: 1.00 GB
Initial GC threshold: 21.00 MB
Current GC threshold: 58.75 MB
CDS: off
MetaspaceReclaimPolicy: balanced
 - commit_granule_bytes: 65536.
 - commit_granule_words: 8192.
 - virtual_space_node_default_size: 1048576.
 - enlarge_chunks_in_place: 1.
 - new_chunks_are_fully_committed: 0.
 - uncommit_free_chunks: 1.
 - use_allocation_guard: 0.
 - handle_deallocations: 1.


Internal statistics:

num_allocs_failed_limit: 6.
num_arena_births: 514.
num_arena_deaths: 0.
num_vsnodes_births: 7.
num_vsnodes_deaths: 0.
num_space_committed: 736.
num_space_uncommitted: 0.
num_chunks_returned_to_freelist: 6.
num_chunks_taken_from_freelist: 1607.
num_chunk_merges: 6.
num_chunk_splits: 1015.
num_chunks_enlarged: 701.
num_purges: 0.
num_inconsistent_stats: 0.

CodeHeap 'non-profiled nmethods': size=119168Kb used=3909Kb max_used=3909Kb free=115259Kb
 bounds [0x000001e787ba0000, 0x000001e787f80000, 0x000001e78f000000]
CodeHeap 'profiled nmethods': size=119104Kb used=11552Kb max_used=11552Kb free=107551Kb
 bounds [0x000001e780750000, 0x000001e7812a0000, 0x000001e787ba0000]
CodeHeap 'non-nmethods': size=7488Kb used=3004Kb max_used=3062Kb free=4484Kb
 bounds [0x000001e780000000, 0x000001e780310000, 0x000001e780750000]
 total_blobs=6222 nmethods=5581 adapters=550
 compilation: enabled
              stopped_count=0, restarted_count=0
 full_count=0

Compilation events (20 events):
Event: 26.591 Thread 0x000001e79c8a7d90 6412       3       java.util.concurrent.locks.ReentrantLock$Sync::<init> (5 bytes)
Event: 26.591 Thread 0x000001e79ac5fde0 nmethod 6411 0x000001e781293e90 code [0x000001e781294040, 0x000001e7812942b8]
Event: 26.592 Thread 0x000001e79c8a7d90 nmethod 6412 0x000001e781294410 code [0x000001e7812945c0, 0x000001e7812947f8]
Event: 26.606 Thread 0x000001e79c8a7d90 6413       3       sun.security.ssl.SSLExtension::values (10 bytes)
Event: 26.606 Thread 0x000001e79c8a87b0 6414       4       java.util.concurrent.ConcurrentHashMap::sumCount (60 bytes)
Event: 26.606 Thread 0x000001e79c8a7d90 nmethod 6413 0x000001e781294910 code [0x000001e781294ac0, 0x000001e781294d68]
Event: 26.608 Thread 0x000001e79c8a7d90 6415       3       sun.security.jca.ServiceId::<init> (15 bytes)
Event: 26.608 Thread 0x000001e79c8a6e60 6416       3       java.lang.Enum::valueOf (73 bytes)
Event: 26.608 Thread 0x000001e79ac5fde0 6417       3       java.lang.Class::enumConstantDirectory (119 bytes)
Event: 26.608 Thread 0x000001e79c8a7d90 nmethod 6415 0x000001e781294e10 code [0x000001e781294fc0, 0x000001e7812951f8]
Event: 26.609 Thread 0x000001e79c8a7d90 6418       3       javax.crypto.Cipher$Transform::<init> (49 bytes)
Event: 26.609 Thread 0x000001e79c8a6e60 nmethod 6416 0x000001e781295290 code [0x000001e781295540, 0x000001e781296018]
Event: 26.609 Thread 0x000001e79c8a87b0 nmethod 6414 0x000001e787f69510 code [0x000001e787f69680, 0x000001e787f69798]
Event: 26.610 Thread 0x000001e79ac5fde0 nmethod 6417 0x000001e781296410 code [0x000001e7812966e0, 0x000001e781297318]
Event: 26.610 Thread 0x000001e79c8a7d90 nmethod 6418 0x000001e781297710 code [0x000001e781297980, 0x000001e7812982e8]
Event: 26.610 Thread 0x000001e79c8a91d0 6419       3       com.sun.crypto.provider.AESCrypt::expandToSubKey (139 bytes)
Event: 26.611 Thread 0x000001e79c8a6e60 6420   !   3       sun.security.ssl.SSLSocketImpl::readApplicationRecord (138 bytes)
Event: 26.611 Thread 0x000001e79c8a91d0 nmethod 6419 0x000001e781298610 code [0x000001e781298800, 0x000001e781298e78]
Event: 26.612 Thread 0x000001e79c8a6e60 nmethod 6420 0x000001e781299190 code [0x000001e781299480, 0x000001e78129a258]
Event: 26.729 Thread 0x000001e79ac57400 nmethod 6323 0x000001e787f69890 code [0x000001e787f69d00, 0x000001e787f6ec20]

GC Heap History (20 events):
Event: 7.005 GC heap before
{Heap before GC invocations=5 (full 0):
 garbage-first heap   total 49152K, used 26414K [0x0000000704400000, 0x0000000800000000)
  region size 2048K, 9 young (18432K), 1 survivors (2048K)
 Metaspace       used 34125K, committed 34496K, reserved 1081344K
  class space    used 3828K, committed 4032K, reserved 1048576K
}
Event: 7.006 GC heap after
{Heap after GC invocations=6 (full 0):
 garbage-first heap   total 49152K, used 13264K [0x0000000704400000, 0x0000000800000000)
  region size 2048K, 1 young (2048K), 1 survivors (2048K)
 Metaspace       used 34125K, committed 34496K, reserved 1081344K
  class space    used 3828K, committed 4032K, reserved 1048576K
}
Event: 7.071 GC heap before
{Heap before GC invocations=6 (full 0):
 garbage-first heap   total 49152K, used 17360K [0x0000000704400000, 0x0000000800000000)
  region size 2048K, 4 young (8192K), 1 survivors (2048K)
 Metaspace       used 35562K, committed 35968K, reserved 1081344K
  class space    used 4018K, committed 4224K, reserved 1048576K
}
Event: 7.072 GC heap after
{Heap after GC invocations=7 (full 0):
 garbage-first heap   total 49152K, used 13417K [0x0000000704400000, 0x0000000800000000)
  region size 2048K, 1 young (2048K), 1 survivors (2048K)
 Metaspace       used 35562K, committed 35968K, reserved 1081344K
  class space    used 4018K, committed 4224K, reserved 1048576K
}
Event: 7.132 GC heap before
{Heap before GC invocations=8 (full 0):
 garbage-first heap   total 49152K, used 31849K [0x0000000704400000, 0x0000000800000000)
  region size 2048K, 10 young (20480K), 1 survivors (2048K)
 Metaspace       used 36661K, committed 37056K, reserved 1089536K
  class space    used 4158K, committed 4352K, reserved 1048576K
}
Event: 7.134 GC heap after
{Heap after GC invocations=9 (full 0):
 garbage-first heap   total 49152K, used 14064K [0x0000000704400000, 0x0000000800000000)
  region size 2048K, 2 young (4096K), 2 survivors (4096K)
 Metaspace       used 36661K, committed 37056K, reserved 1089536K
  class space    used 4158K, committed 4352K, reserved 1048576K
}
Event: 7.143 GC heap before
{Heap before GC invocations=9 (full 0):
 garbage-first heap   total 49152K, used 32496K [0x0000000704400000, 0x0000000800000000)
  region size 2048K, 11 young (22528K), 2 survivors (4096K)
 Metaspace       used 36661K, committed 37056K, reserved 1089536K
  class space    used 4158K, committed 4352K, reserved 1048576K
}
Event: 7.147 GC heap after
{Heap after GC invocations=10 (full 0):
 garbage-first heap   total 153600K, used 14701K [0x0000000704400000, 0x0000000800000000)
  region size 2048K, 1 young (2048K), 1 survivors (2048K)
 Metaspace       used 36661K, committed 37056K, reserved 1089536K
  class space    used 4158K, committed 4352K, reserved 1048576K
}
Event: 7.947 GC heap before
{Heap before GC invocations=10 (full 0):
 garbage-first heap   total 153600K, used 104813K [0x0000000704400000, 0x0000000800000000)
  region size 2048K, 45 young (92160K), 1 survivors (2048K)
 Metaspace       used 39650K, committed 40064K, reserved 1089536K
  class space    used 4512K, committed 4736K, reserved 1048576K
}
Event: 7.964 GC heap after
{Heap after GC invocations=11 (full 0):
 garbage-first heap   total 153600K, used 40666K [0x0000000704400000, 0x0000000800000000)
  region size 2048K, 6 young (12288K), 6 survivors (12288K)
 Metaspace       used 39650K, committed 40064K, reserved 1089536K
  class space    used 4512K, committed 4736K, reserved 1048576K
}
Event: 15.631 GC heap before
{Heap before GC invocations=11 (full 0):
 garbage-first heap   total 153600K, used 91866K [0x0000000704400000, 0x0000000800000000)
  region size 2048K, 31 young (63488K), 6 survivors (12288K)
 Metaspace       used 44884K, committed 45312K, reserved 1089536K
  class space    used 5103K, committed 5312K, reserved 1048576K
}
Event: 15.646 GC heap after
{Heap after GC invocations=12 (full 0):
 garbage-first heap   total 153600K, used 46939K [0x0000000704400000, 0x0000000800000000)
  region size 2048K, 3 young (6144K), 3 survivors (6144K)
 Metaspace       used 44884K, committed 45312K, reserved 1089536K
  class space    used 5103K, committed 5312K, reserved 1048576K
}
Event: 17.480 GC heap before
{Heap before GC invocations=12 (full 0):
 garbage-first heap   total 153600K, used 96091K [0x0000000704400000, 0x0000000800000000)
  region size 2048K, 28 young (57344K), 3 survivors (6144K)
 Metaspace       used 45013K, committed 45440K, reserved 1089536K
  class space    used 5104K, committed 5312K, reserved 1048576K
}
Event: 17.485 GC heap after
{Heap after GC invocations=13 (full 0):
 garbage-first heap   total 153600K, used 49699K [0x0000000704400000, 0x0000000800000000)
  region size 2048K, 2 young (4096K), 2 survivors (4096K)
 Metaspace       used 45013K, committed 45440K, reserved 1089536K
  class space    used 5104K, committed 5312K, reserved 1048576K
}
Event: 20.394 GC heap before
{Heap before GC invocations=13 (full 0):
 garbage-first heap   total 153600K, used 104995K [0x0000000704400000, 0x0000000800000000)
  region size 2048K, 29 young (59392K), 2 survivors (4096K)
 Metaspace       used 45199K, committed 45632K, reserved 1089536K
  class space    used 5104K, committed 5312K, reserved 1048576K
}
Event: 20.397 GC heap after
{Heap after GC invocations=14 (full 0):
 garbage-first heap   total 153600K, used 48720K [0x0000000704400000, 0x0000000800000000)
  region size 2048K, 1 young (2048K), 1 survivors (2048K)
 Metaspace       used 45199K, committed 45632K, reserved 1089536K
  class space    used 5104K, committed 5312K, reserved 1048576K
}
Event: 22.574 GC heap before
{Heap before GC invocations=14 (full 0):
 garbage-first heap   total 153600K, used 108112K [0x0000000704400000, 0x0000000800000000)
  region size 2048K, 30 young (61440K), 1 survivors (2048K)
 Metaspace       used 45345K, committed 45760K, reserved 1089536K
  class space    used 5104K, committed 5312K, reserved 1048576K
}
Event: 22.576 GC heap after
{Heap after GC invocations=15 (full 0):
 garbage-first heap   total 153600K, used 48355K [0x0000000704400000, 0x0000000800000000)
  region size 2048K, 1 young (2048K), 1 survivors (2048K)
 Metaspace       used 45345K, committed 45760K, reserved 1089536K
  class space    used 5104K, committed 5312K, reserved 1048576K
}
Event: 26.037 GC heap before
{Heap before GC invocations=15 (full 0):
 garbage-first heap   total 153600K, used 111843K [0x0000000704400000, 0x0000000800000000)
  region size 2048K, 32 young (65536K), 1 survivors (2048K)
 Metaspace       used 45455K, committed 45888K, reserved 1089536K
  class space    used 5105K, committed 5312K, reserved 1048576K
}
Event: 26.040 GC heap after
{Heap after GC invocations=16 (full 0):
 garbage-first heap   total 153600K, used 48537K [0x0000000704400000, 0x0000000800000000)
  region size 2048K, 1 young (2048K), 1 survivors (2048K)
 Metaspace       used 45455K, committed 45888K, reserved 1089536K
  class space    used 5105K, committed 5312K, reserved 1048576K
}

Dll operation events (8 events):
Event: 0.004 Loaded shared library C:\Users\prash\.p2\pool\plugins\org.eclipse.justj.openjdk.hotspot.jre.full.win32.x86_64_17.0.5.v20221102-0933\jre\bin\java.dll
Event: 0.091 Loaded shared library C:\Users\prash\.p2\pool\plugins\org.eclipse.justj.openjdk.hotspot.jre.full.win32.x86_64_17.0.5.v20221102-0933\jre\bin\net.dll
Event: 0.092 Loaded shared library C:\Users\prash\.p2\pool\plugins\org.eclipse.justj.openjdk.hotspot.jre.full.win32.x86_64_17.0.5.v20221102-0933\jre\bin\nio.dll
Event: 0.099 Loaded shared library C:\Users\prash\.p2\pool\plugins\org.eclipse.justj.openjdk.hotspot.jre.full.win32.x86_64_17.0.5.v20221102-0933\jre\bin\zip.dll
Event: 0.204 Loaded shared library C:\Users\prash\.p2\pool\plugins\org.eclipse.justj.openjdk.hotspot.jre.full.win32.x86_64_17.0.5.v20221102-0933\jre\bin\jimage.dll
Event: 0.816 Loaded shared library C:\Users\prash\.p2\pool\plugins\org.eclipse.justj.openjdk.hotspot.jre.full.win32.x86_64_17.0.5.v20221102-0933\jre\bin\management.dll
Event: 0.818 Loaded shared library C:\Users\prash\.p2\pool\plugins\org.eclipse.justj.openjdk.hotspot.jre.full.win32.x86_64_17.0.5.v20221102-0933\jre\bin\management_ext.dll
Event: 1.542 Loaded shared library C:\Users\prash\.p2\pool\plugins\org.eclipse.justj.openjdk.hotspot.jre.full.win32.x86_64_17.0.5.v20221102-0933\jre\bin\sunmscapi.dll

Deoptimization events (20 events):
Event: 26.247 Thread 0x000001e7f940c790 Uncommon trap: trap_request=0xffffff45 fr.pc=0x000001e787c6cbf4 relative=0x0000000000000074
Event: 26.247 Thread 0x000001e7f940c790 Uncommon trap: reason=unstable_if action=reinterpret pc=0x000001e787c6cbf4 method=com.sun.org.apache.xerces.internal.dom.NodeImpl.isNormalized(Z)V @ 1 c2
Event: 26.247 Thread 0x000001e7f940c790 DEOPT PACKING pc=0x000001e787c6cbf4 sp=0x0000007f124fd4c0
Event: 26.247 Thread 0x000001e7f940c790 DEOPT UNPACKING pc=0x000001e7800523a3 sp=0x0000007f124fd460 mode 2
Event: 26.552 Thread 0x000001e7f940c790 Uncommon trap: trap_request=0xffffff45 fr.pc=0x000001e787ee92d0 relative=0x0000000000000230
Event: 26.552 Thread 0x000001e7f940c790 Uncommon trap: reason=unstable_if action=reinterpret pc=0x000001e787ee92d0 method=com.sun.org.apache.xerces.internal.dom.CoreDocumentImpl.checkQName(Ljava/lang/String;Ljava/lang/String;)V @ 18 c2
Event: 26.552 Thread 0x000001e7f940c790 DEOPT PACKING pc=0x000001e787ee92d0 sp=0x0000007f124fd3c0
Event: 26.552 Thread 0x000001e7f940c790 DEOPT UNPACKING pc=0x000001e7800523a3 sp=0x0000007f124fd360 mode 2
Event: 26.553 Thread 0x000001e7f940c790 Uncommon trap: trap_request=0xffffffc6 fr.pc=0x000001e787f37508 relative=0x00000000000007c8
Event: 26.553 Thread 0x000001e7f940c790 Uncommon trap: reason=bimorphic_or_optimized_type_check action=maybe_recompile pc=0x000001e787f37508 method=com.sun.org.apache.xerces.internal.dom.NamedNodeMapImpl.findNamePoint(Ljava/lang/String;I)I @ 54 c2
Event: 26.553 Thread 0x000001e7f940c790 DEOPT PACKING pc=0x000001e787f37508 sp=0x0000007f124fd3b0
Event: 26.553 Thread 0x000001e7f940c790 DEOPT UNPACKING pc=0x000001e7800523a3 sp=0x0000007f124fd378 mode 2
Event: 26.553 Thread 0x000001e7f940c790 Uncommon trap: trap_request=0xffffffc6 fr.pc=0x000001e787f37508 relative=0x00000000000007c8
Event: 26.553 Thread 0x000001e7f940c790 Uncommon trap: reason=bimorphic_or_optimized_type_check action=maybe_recompile pc=0x000001e787f37508 method=com.sun.org.apache.xerces.internal.dom.NamedNodeMapImpl.findNamePoint(Ljava/lang/String;I)I @ 54 c2
Event: 26.553 Thread 0x000001e7f940c790 DEOPT PACKING pc=0x000001e787f37508 sp=0x0000007f124fd3b0
Event: 26.553 Thread 0x000001e7f940c790 DEOPT UNPACKING pc=0x000001e7800523a3 sp=0x0000007f124fd378 mode 2
Event: 26.553 Thread 0x000001e7f940c790 Uncommon trap: trap_request=0xffffffc6 fr.pc=0x000001e787f37508 relative=0x00000000000007c8
Event: 26.553 Thread 0x000001e7f940c790 Uncommon trap: reason=bimorphic_or_optimized_type_check action=maybe_recompile pc=0x000001e787f37508 method=com.sun.org.apache.xerces.internal.dom.NamedNodeMapImpl.findNamePoint(Ljava/lang/String;I)I @ 54 c2
Event: 26.553 Thread 0x000001e7f940c790 DEOPT PACKING pc=0x000001e787f37508 sp=0x0000007f124fd3b0
Event: 26.553 Thread 0x000001e7f940c790 DEOPT UNPACKING pc=0x000001e7800523a3 sp=0x0000007f124fd378 mode 2

Classes unloaded (0 events):
No events

Classes redefined (0 events):
No events

Internal exceptions (20 events):
Event: 7.032 Thread 0x000001e7f940c790 Exception <a 'java/lang/NoSuchMethodError'{0x0000000713f95a98}: 'java.lang.Object java.lang.invoke.DirectMethodHandle$Holder.invokeStaticInit(java.lang.Object, java.lang.Object, int, int)'> (0x0000000713f95a98) 
thrown [s\src\hotspot\share\interpreter\linkResolver.cpp, line 759]
Event: 7.089 Thread 0x000001e7f940c790 Implicit null exception at 0x000001e787c480d8 to 0x000001e787c4816e
Event: 7.116 Thread 0x000001e7f940c790 Exception <a 'java/lang/NoSuchMethodError'{0x0000000711e6e9b0}: 'java.lang.Object java.lang.invoke.DirectMethodHandle$Holder.newInvokeSpecial(java.lang.Object, java.lang.Object, int, java.lang.Object)'> (0x0000000711e6e9b0) 
thrown [s\src\hotspot\share\interpreter\linkResolver.cpp, line 759]
Event: 7.119 Thread 0x000001e7f940c790 Exception <a 'java/lang/NoSuchMethodError'{0x0000000711ec9630}: 'void java.lang.invoke.DirectMethodHandle$Holder.invokeVirtual(java.lang.Object, java.lang.Object)'> (0x0000000711ec9630) 
thrown [s\src\hotspot\share\interpreter\linkResolver.cpp, line 759]
Event: 7.478 Thread 0x000001e7f940c790 Exception <a 'java/lang/NoSuchMethodError'{0x000000070b6c4e28}: 'java.lang.Object java.lang.invoke.DirectMethodHandle$Holder.invokeVirtual(java.lang.Object, java.lang.Object, int)'> (0x000000070b6c4e28) 
thrown [s\src\hotspot\share\interpreter\linkResolver.cpp, line 759]
Event: 7.480 Thread 0x000001e7f940c790 Exception <a 'java/lang/NoSuchMethodError'{0x000000070b6cc278}: 'void java.lang.invoke.DirectMethodHandle$Holder.invokeVirtual(java.lang.Object, java.lang.Object, int, java.lang.Object)'> (0x000000070b6cc278) 
thrown [s\src\hotspot\share\interpreter\linkResolver.cpp, line 759]
Event: 7.812 Thread 0x000001e7f940c790 Implicit null exception at 0x000001e787d50380 to 0x000001e787d504ec
Event: 13.528 Thread 0x000001e7f940c790 Implicit null exception at 0x000001e787c9178c to 0x000001e787c9194d
Event: 21.236 Thread 0x000001e7f940c790 Exception <a 'java/lang/ClassNotFoundException'{0x000000070d31fb10}: com/sun/org/apache/xerces/internal/impl/msg/spi/DOMMessagesProvider> (0x000000070d31fb10) 
thrown [s\src\hotspot\share\classfile\systemDictionary.cpp, line 256]
Event: 21.237 Thread 0x000001e7f940c790 Exception <a 'java/lang/ClassNotFoundException'{0x000000070d331790}: com/sun/org/apache/xerces/internal/impl/msg/spi/XMLSerializerMessagesProvider> (0x000000070d331790) 
thrown [s\src\hotspot\share\classfile\systemDictionary.cpp, line 256]
Event: 21.237 Thread 0x000001e7f940c790 Exception <a 'java/lang/ClassNotFoundException'{0x000000070d33e770}: com/sun/org/apache/xerces/internal/impl/msg/spi/XMLMessagesProvider> (0x000000070d33e770) 
thrown [s\src\hotspot\share\classfile\systemDictionary.cpp, line 256]
Event: 26.057 Thread 0x000001e7f940c790 Implicit null exception at 0x000001e787ee980f to 0x000001e787ee9f84
Event: 26.057 Thread 0x000001e7f940c790 Implicit null exception at 0x000001e787ef7b0f to 0x000001e787ef8248
Event: 26.140 Thread 0x000001e7f940c790 Exception <a 'java/lang/NoSuchMethodError'{0x000000071215e948}: 'int java.lang.invoke.DirectMethodHandle$Holder.invokeSpecial(java.lang.Object, java.lang.Object, java.lang.Object, int, int)'> (0x000000071215e948) 
thrown [s\src\hotspot\share\interpreter\linkResolver.cpp, line 759]
Event: 26.142 Thread 0x000001e7f940c790 Exception <a 'java/lang/NoSuchMethodError'{0x00000007121651e8}: 'java.lang.Object java.lang.invoke.DirectMethodHandle$Holder.newInvokeSpecial(java.lang.Object, java.lang.Object, java.lang.Object, int, int)'> (0x00000007121651e8) 
thrown [s\src\hotspot\share\interpreter\linkResolver.cpp, line 759]
Event: 26.143 Thread 0x000001e7f940c790 Exception <a 'java/lang/NoSuchMethodError'{0x000000071216ca60}: 'java.lang.Object java.lang.invoke.Invokers$Holder.linkToTargetMethod(java.lang.Object, java.lang.Object, int, int, java.lang.Object)'> (0x000000071216ca60) 
thrown [s\src\hotspot\share\interpreter\linkResolver.cpp, line 759]
Event: 26.246 Thread 0x000001e7f940c790 Implicit null exception at 0x000001e787ef9bb7 to 0x000001e787efb3a8
Event: 26.246 Thread 0x000001e7f940c790 Implicit null exception at 0x000001e787ef8a48 to 0x000001e787ef9210
Event: 26.274 Thread 0x000001e7f940c790 Exception <a 'java/lang/ClassNotFoundException'{0x0000000711f85280}: com/sun/org/apache/xalan/internal/xsltc/compiler/util/spi/ErrorMessagesProvider> (0x0000000711f85280) 
thrown [s\src\hotspot\share\classfile\systemDictionary.cpp, line 256]
Event: 26.300 Thread 0x000001e7f940c790 Exception <a 'java/lang/ClassNotFoundException'{0x0000000711f99508}: com/sun/org/apache/xml/internal/serializer/spi/XMLEntitiesProvider> (0x0000000711f99508) 
thrown [s\src\hotspot\share\classfile\systemDictionary.cpp, line 256]

VM Operations (20 events):
Event: 22.573 Executing VM operation: G1CollectForAllocation
Event: 22.576 Executing VM operation: G1CollectForAllocation done
Event: 23.591 Executing VM operation: Cleanup
Event: 23.591 Executing VM operation: Cleanup done
Event: 24.599 Executing VM operation: Cleanup
Event: 24.599 Executing VM operation: Cleanup done
Event: 25.047 Executing VM operation: HandshakeAllThreads
Event: 25.047 Executing VM operation: HandshakeAllThreads done
Event: 26.037 Executing VM operation: G1CollectForAllocation
Event: 26.040 Executing VM operation: G1CollectForAllocation done
Event: 26.062 Executing VM operation: HandshakeAllThreads
Event: 26.062 Executing VM operation: HandshakeAllThreads done
Event: 26.064 Executing VM operation: HandshakeAllThreads
Event: 26.064 Executing VM operation: HandshakeAllThreads done
Event: 26.304 Executing VM operation: HandshakeAllThreads
Event: 26.304 Executing VM operation: HandshakeAllThreads done
Event: 26.485 Executing VM operation: HandshakeAllThreads
Event: 26.485 Executing VM operation: HandshakeAllThreads done
Event: 26.605 Executing VM operation: ICBufferFull
Event: 26.606 Executing VM operation: ICBufferFull done

Events (20 events):
Event: 26.536 loading class javax/xml/transform/stream/StreamSource
Event: 26.537 loading class javax/xml/transform/stream/StreamSource done
Event: 26.537 loading class javax/xml/transform/sax/SAXSource
Event: 26.538 loading class javax/xml/transform/sax/SAXSource done
Event: 26.538 loading class javax/xml/transform/stax/StAXSource
Event: 26.538 loading class javax/xml/transform/stax/StAXSource done
Event: 26.538 loading class com/sun/org/apache/xalan/internal/xsltc/trax/DOM2TO
Event: 26.539 loading class com/sun/org/apache/xalan/internal/xsltc/trax/DOM2TO done
Event: 26.544 loading class com/sun/org/apache/xml/internal/serializer/WriterToASCI
Event: 26.544 loading class com/sun/org/apache/xml/internal/serializer/WriterToASCI done
Event: 26.554 loading class java/text/DontCareFieldPosition
Event: 26.554 loading class java/text/DontCareFieldPosition done
Event: 26.554 loading class java/text/DontCareFieldPosition$1
Event: 26.554 loading class java/text/Format$FieldDelegate
Event: 26.555 loading class java/text/Format$FieldDelegate done
Event: 26.555 loading class java/text/DontCareFieldPosition$1 done
Event: 26.575 loading class java/io/FileOutputStream$1
Event: 26.575 loading class java/io/FileOutputStream$1 done
Event: 26.610 Thread 0x000001e79df76d60 Thread added: 0x000001e79df76d60
Event: 26.610 Thread 0x000001e79df76d60 Thread exited: 0x000001e79df76d60


Dynamic libraries:
0x00007ff600670000 - 0x00007ff60067e000 	C:\Users\prash\.p2\pool\plugins\org.eclipse.justj.openjdk.hotspot.jre.full.win32.x86_64_17.0.5.v20221102-0933\jre\bin\javaw.exe
0x00007fff8f030000 - 0x00007fff8f247000 	C:\WINDOWS\SYSTEM32\ntdll.dll
0x00007fff8dc10000 - 0x00007fff8dcd4000 	C:\WINDOWS\System32\KERNEL32.DLL
0x00007fff8c9c0000 - 0x00007fff8cd6d000 	C:\WINDOWS\System32\KERNELBASE.dll
0x00007fff8c410000 - 0x00007fff8c521000 	C:\WINDOWS\System32\ucrtbase.dll
0x00007fff85fd0000 - 0x00007fff85fe7000 	C:\Users\prash\.p2\pool\plugins\org.eclipse.justj.openjdk.hotspot.jre.full.win32.x86_64_17.0.5.v20221102-0933\jre\bin\jli.dll
0x00007fff845a0000 - 0x00007fff845b9000 	C:\Users\prash\.p2\pool\plugins\org.eclipse.justj.openjdk.hotspot.jre.full.win32.x86_64_17.0.5.v20221102-0933\jre\bin\VCRUNTIME140.dll
0x00007fff8d3f0000 - 0x00007fff8d59e000 	C:\WINDOWS\System32\USER32.dll
0x00007fff8c360000 - 0x00007fff8c386000 	C:\WINDOWS\System32\win32u.dll
0x00007fff68720000 - 0x00007fff689b3000 	C:\WINDOWS\WinSxS\amd64_microsoft.windows.common-controls_6595b64144ccf1df_6.0.22621.3672_none_2713b9d173822955\COMCTL32.dll
0x00007fff8ec30000 - 0x00007fff8ec59000 	C:\WINDOWS\System32\GDI32.dll
0x00007fff8d830000 - 0x00007fff8d8d7000 	C:\WINDOWS\System32\msvcrt.dll
0x00007fff8c8a0000 - 0x00007fff8c9b9000 	C:\WINDOWS\System32\gdi32full.dll
0x00007fff8c620000 - 0x00007fff8c6ba000 	C:\WINDOWS\System32\msvcp_win.dll
0x00007fff8d3a0000 - 0x00007fff8d3d1000 	C:\WINDOWS\System32\IMM32.DLL
0x00007fff84590000 - 0x00007fff8459c000 	C:\Users\prash\.p2\pool\plugins\org.eclipse.justj.openjdk.hotspot.jre.full.win32.x86_64_17.0.5.v20221102-0933\jre\bin\vcruntime140_1.dll
0x00007fff75430000 - 0x00007fff754c1000 	C:\Users\prash\.p2\pool\plugins\org.eclipse.justj.openjdk.hotspot.jre.full.win32.x86_64_17.0.5.v20221102-0933\jre\bin\msvcp140.dll
0x00007fff1f6a0000 - 0x00007fff202e4000 	C:\Users\prash\.p2\pool\plugins\org.eclipse.justj.openjdk.hotspot.jre.full.win32.x86_64_17.0.5.v20221102-0933\jre\bin\server\jvm.dll
0x00007fff8d0e0000 - 0x00007fff8d192000 	C:\WINDOWS\System32\ADVAPI32.dll
0x00007fff8db60000 - 0x00007fff8dc09000 	C:\WINDOWS\System32\sechost.dll
0x00007fff8c5f0000 - 0x00007fff8c618000 	C:\WINDOWS\System32\bcrypt.dll
0x00007fff8da40000 - 0x00007fff8db54000 	C:\WINDOWS\System32\RPCRT4.dll
0x00007fff69ff0000 - 0x00007fff69ff9000 	C:\WINDOWS\SYSTEM32\WSOCK32.dll
0x00007fff82fd0000 - 0x00007fff83004000 	C:\WINDOWS\SYSTEM32\WINMM.dll
0x00007fff8d960000 - 0x00007fff8d9d1000 	C:\WINDOWS\System32\WS2_32.dll
0x00007fff73a10000 - 0x00007fff73a1a000 	C:\WINDOWS\SYSTEM32\VERSION.dll
0x00007fff8b440000 - 0x00007fff8b458000 	C:\WINDOWS\SYSTEM32\kernel.appcore.dll
0x00007fff86000000 - 0x00007fff8600a000 	C:\Users\prash\.p2\pool\plugins\org.eclipse.justj.openjdk.hotspot.jre.full.win32.x86_64_17.0.5.v20221102-0933\jre\bin\jimage.dll
0x00007fff897d0000 - 0x00007fff89a02000 	C:\WINDOWS\SYSTEM32\DBGHELP.DLL
0x00007fff8ec60000 - 0x00007fff8efe8000 	C:\WINDOWS\System32\combase.dll
0x00007fff8eae0000 - 0x00007fff8ebb7000 	C:\WINDOWS\System32\OLEAUT32.dll
0x00007fff71cd0000 - 0x00007fff71d02000 	C:\WINDOWS\SYSTEM32\dbgcore.DLL
0x00007fff8c390000 - 0x00007fff8c40b000 	C:\WINDOWS\System32\bcryptPrimitives.dll
0x00007fff83090000 - 0x00007fff830b5000 	C:\Users\prash\.p2\pool\plugins\org.eclipse.justj.openjdk.hotspot.jre.full.win32.x86_64_17.0.5.v20221102-0933\jre\bin\java.dll
0x00007fff82d80000 - 0x00007fff82d98000 	C:\Users\prash\.p2\pool\plugins\org.eclipse.justj.openjdk.hotspot.jre.full.win32.x86_64_17.0.5.v20221102-0933\jre\bin\zip.dll
0x00007fff8dce0000 - 0x00007fff8e53f000 	C:\WINDOWS\System32\SHELL32.dll
0x00007fff8a270000 - 0x00007fff8ab6c000 	C:\WINDOWS\SYSTEM32\windows.storage.dll
0x00007fff8a130000 - 0x00007fff8a26f000 	C:\WINDOWS\SYSTEM32\wintypes.dll
0x00007fff8d1c0000 - 0x00007fff8d2b4000 	C:\WINDOWS\System32\SHCORE.dll
0x00007fff8ea80000 - 0x00007fff8eade000 	C:\WINDOWS\System32\shlwapi.dll
0x00007fff8c290000 - 0x00007fff8c2b1000 	C:\WINDOWS\SYSTEM32\profapi.dll
0x00007fff74ec0000 - 0x00007fff74ed9000 	C:\Users\prash\.p2\pool\plugins\org.eclipse.justj.openjdk.hotspot.jre.full.win32.x86_64_17.0.5.v20221102-0933\jre\bin\net.dll
0x00007fff84dd0000 - 0x00007fff84f06000 	C:\WINDOWS\SYSTEM32\WINHTTP.dll
0x00007fff8b8a0000 - 0x00007fff8b909000 	C:\WINDOWS\system32\mswsock.dll
0x00007fff74ea0000 - 0x00007fff74eb5000 	C:\Users\prash\.p2\pool\plugins\org.eclipse.justj.openjdk.hotspot.jre.full.win32.x86_64_17.0.5.v20221102-0933\jre\bin\nio.dll
0x00007fff8ae60000 - 0x00007fff8af58000 	C:\WINDOWS\SYSTEM32\DNSAPI.dll
0x00007fff8ae30000 - 0x00007fff8ae5d000 	C:\WINDOWS\SYSTEM32\IPHLPAPI.DLL
0x00007fff8d3e0000 - 0x00007fff8d3e9000 	C:\WINDOWS\System32\NSI.dll
0x00007fff83200000 - 0x00007fff8320a000 	C:\Windows\System32\rasadhlp.dll
0x00007fff83a60000 - 0x00007fff83ae3000 	C:\WINDOWS\System32\fwpuclnt.dll
0x00007fff8bb90000 - 0x00007fff8bbab000 	C:\WINDOWS\SYSTEM32\CRYPTSP.dll
0x00007fff8b3a0000 - 0x00007fff8b3d5000 	C:\WINDOWS\system32\rsaenh.dll
0x00007fff8b940000 - 0x00007fff8b968000 	C:\WINDOWS\SYSTEM32\USERENV.dll
0x00007fff8baa0000 - 0x00007fff8baac000 	C:\WINDOWS\SYSTEM32\CRYPTBASE.dll
0x00007fff84b70000 - 0x00007fff84b89000 	C:\WINDOWS\SYSTEM32\dhcpcsvc6.DLL
0x00007fff84b50000 - 0x00007fff84b6f000 	C:\WINDOWS\SYSTEM32\dhcpcsvc.DLL
0x00007fff82d10000 - 0x00007fff82d19000 	C:\Users\prash\.p2\pool\plugins\org.eclipse.justj.openjdk.hotspot.jre.full.win32.x86_64_17.0.5.v20221102-0933\jre\bin\management.dll
0x00007fff82d00000 - 0x00007fff82d0b000 	C:\Users\prash\.p2\pool\plugins\org.eclipse.justj.openjdk.hotspot.jre.full.win32.x86_64_17.0.5.v20221102-0933\jre\bin\management_ext.dll
0x00007fff8e5f0000 - 0x00007fff8e5f8000 	C:\WINDOWS\System32\PSAPI.DLL
0x00007fff6e890000 - 0x00007fff6e8a7000 	C:\WINDOWS\system32\napinsp.dll
0x00007fff6e140000 - 0x00007fff6e15b000 	C:\WINDOWS\system32\pnrpnsp.dll
0x00007fff6d5c0000 - 0x00007fff6d5d1000 	C:\WINDOWS\System32\winrnr.dll
0x00007fff839b0000 - 0x00007fff839c5000 	C:\WINDOWS\system32\wshbth.dll
0x00007fff6d010000 - 0x00007fff6d037000 	C:\WINDOWS\system32\nlansp_c.dll
0x00007fff83190000 - 0x00007fff8319e000 	C:\Users\prash\.p2\pool\plugins\org.eclipse.justj.openjdk.hotspot.jre.full.win32.x86_64_17.0.5.v20221102-0933\jre\bin\sunmscapi.dll
0x00007fff8c730000 - 0x00007fff8c897000 	C:\WINDOWS\System32\CRYPT32.dll
0x00007fff8bd10000 - 0x00007fff8bd3e000 	C:\WINDOWS\SYSTEM32\ncrypt.dll
0x00007fff8bcd0000 - 0x00007fff8bd07000 	C:\WINDOWS\SYSTEM32\NTASN1.dll
0x00007fff4a6a0000 - 0x00007fff4a6a8000 	C:\WINDOWS\system32\wshunix.dll

dbghelp: loaded successfully - version: 4.0.5 - missing functions: none
symbol engine: initialized successfully - sym options: 0x614 - pdb path: .;C:\Users\prash\.p2\pool\plugins\org.eclipse.justj.openjdk.hotspot.jre.full.win32.x86_64_17.0.5.v20221102-0933\jre\bin;C:\WINDOWS\SYSTEM32;C:\WINDOWS\WinSxS\amd64_microsoft.windows.common-controls_6595b64144ccf1df_6.0.22621.3672_none_2713b9d173822955;C:\Users\prash\.p2\pool\plugins\org.eclipse.justj.openjdk.hotspot.jre.full.win32.x86_64_17.0.5.v20221102-0933\jre\bin\server

VM Arguments:
jvm_args: -ea -Dfile.encoding=UTF-8 -XX:+ShowCodeDetailsInExceptionMessages 
java_command: org.testng.remote.RemoteTestNG -serport 58663 -protocol json -d C:\Kavita\ReceipeHackathon\Git_project\test-output C:\Kavita\ReceipeHackathon\Git_project\testng.xml
java_class_path (initial): C:\Users\prash\eclipse\java-2022-12\eclipse\configuration\org.eclipse.osgi\487\0\.cp\lib\testng-remote.jar;C:\Kavita\ReceipeHackathon\Git_project\target\test-classes;C:\Kavita\ReceipeHackathon\Git_project\target\classes;C:\Users\prash\.m2\repository\org\seleniumhq\selenium\selenium-java\4.22.0\selenium-java-4.22.0.jar;C:\Users\prash\.m2\repository\org\seleniumhq\selenium\selenium-api\4.22.0\selenium-api-4.22.0.jar;C:\Users\prash\.m2\repository\org\seleniumhq\selenium\selenium-chrome-driver\4.22.0\selenium-chrome-driver-4.22.0.jar;C:\Users\prash\.m2\repository\com\google\auto\service\auto-service-annotations\1.1.1\auto-service-annotations-1.1.1.jar;C:\Users\prash\.m2\repository\org\seleniumhq\selenium\selenium-chromium-driver\4.22.0\selenium-chromium-driver-4.22.0.jar;C:\Users\prash\.m2\repository\org\seleniumhq\selenium\selenium-json\4.22.0\selenium-json-4.22.0.jar;C:\Users\prash\.m2\repository\org\seleniumhq\selenium\selenium-manager\4.22.0\selenium-manager-4.22.0.jar;C:\Users\prash\.m2\repository\org\seleniumhq\selenium\selenium-devtools-v124\4.22.0\selenium-devtools-v124-4.22.0.jar;C:\Users\prash\.m2\repository\org\seleniumhq\selenium\selenium-devtools-v125\4.22.0\selenium-devtools-v125-4.22.0.jar;C:\Users\prash\.m2\repository\org\seleniumhq\selenium\selenium-devtools-v126\4.22.0\selenium-devtools-v126-4.22.0.jar;C:\Users\prash\.m2\repository\org\seleniumhq\selenium\selenium-devtools-v85\4.22.0\selenium-devtools-v85-4.22.0.jar;C:\Users\prash\.m2\repository\org\seleniumhq\selenium\selenium-edge-driver\4.22.0\selenium-edge-driver-4.22.0.jar;C:\Users\prash\.m2\repository\org\seleniumhq\selenium\selenium-firefox-driver\4.22.0\selenium-firefox-driver-4.22.0.jar;C:\Users\prash\.m2\repository\org\seleniumhq\selenium\selenium-http\4.22.0\selenium-http-4.22.0.jar;C:\Users\prash\.m2\repository\dev\failsafe\failsafe\3.3.2\failsafe-3.3.2.jar;C:\Users\prash\.m2\repository\org\seleniumhq\selenium\selenium-ie-driver\4.22.0\selenium-ie-driver-4.22.0.
Launcher Type: SUN_STANDARD

[Global flags]
     intx CICompilerCount                          = 12                                        {product} {ergonomic}
     uint ConcGCThreads                            = 3                                         {product} {ergonomic}
     uint G1ConcRefinementThreads                  = 13                                        {product} {ergonomic}
   size_t G1HeapRegionSize                         = 2097152                                   {product} {ergonomic}
    uintx GCDrainStackTargetSize                   = 64                                        {product} {ergonomic}
   size_t InitialHeapSize                          = 264241152                                 {product} {ergonomic}
   size_t MarkStackSize                            = 4194304                                   {product} {ergonomic}
   size_t MaxHeapSize                              = 4223664128                                {product} {ergonomic}
   size_t MaxNewSize                               = 2533359616                                {product} {ergonomic}
   size_t MinHeapDeltaBytes                        = 2097152                                   {product} {ergonomic}
   size_t MinHeapSize                              = 8388608                                   {product} {ergonomic}
    uintx NonNMethodCodeHeapSize                   = 7602480                                {pd product} {ergonomic}
    uintx NonProfiledCodeHeapSize                  = 122027880                              {pd product} {ergonomic}
    uintx ProfiledCodeHeapSize                     = 122027880                              {pd product} {ergonomic}
    uintx ReservedCodeCacheSize                    = 251658240                              {pd product} {ergonomic}
     bool SegmentedCodeCache                       = true                                      {product} {ergonomic}
     bool ShowCodeDetailsInExceptionMessages       = true                                   {manageable} {command line}
   size_t SoftMaxHeapSize                          = 4223664128                             {manageable} {ergonomic}
     bool UseCompressedClassPointers               = true                           {product lp64_product} {ergonomic}
     bool UseCompressedOops                        = true                           {product lp64_product} {ergonomic}
     bool UseG1GC                                  = true                                      {product} {ergonomic}
     bool UseLargePagesIndividualAllocation        = false                                  {pd product} {ergonomic}

Logging:
Log output configuration:
 #0: stdout all=warning uptime,level,tags
 #1: stderr all=off uptime,level,tags

Environment Variables:
JAVA_HOME=C:\Program Files\Java\jdk-21
PATH=C:/Users/prash/.p2/pool/plugins/org.eclipse.justj.openjdk.hotspot.jre.full.win32.x86_64_17.0.5.v20221102-0933/jre/bin/server;C:/Users/prash/.p2/pool/plugins/org.eclipse.justj.openjdk.hotspot.jre.full.win32.x86_64_17.0.5.v20221102-0933/jre/bin;C:\Program Files\Common Files\Oracle\Java\javapath;C:\Program Files (x86)\Common Files\Oracle\Java\javapath;C:\WINDOWS\system32;C:\WINDOWS;C:\WINDOWS\System32\Wbem;C:\WINDOWS\System32\WindowsPowerShell\v1.0\;C:\WINDOWS\System32\OpenSSH\;C:\Program Files\MySQL\MySQL Server 5.5\bin;C:\Program Files\dotnet\;C:\Program Files\PostgreSQL\16\bin;C:\Program Files\Java\jdk-21\bin;C:\Program Files\Git\cmd;C:\Program Files\nodejs\;C:\Kavita\apache-maven-3.9.6\bin;C:\Users\prash\AppData\Local\Programs\Python\Python311\Scripts\;C:\Users\prash\AppData\Local\Programs\Python\Python311\;C:\Users\prash\AppData\Local\Microsoft\WindowsApps;C:\Users\prash\.dotnet\tools;C:\Users\prash\AppData\Roaming\npm;C:\Program Files\Microsoft VS Code\bin;C:\Users\prash\AppData\Local\GitHubDesktop\bin;C:\WINDOWS\system32;
USERNAME=prash
OS=Windows_NT
PROCESSOR_IDENTIFIER=Intel64 Family 6 Model 154 Stepping 3, GenuineIntel
TMP=C:\Users\prash\AppData\Local\Temp
TEMP=C:\Users\prash\AppData\Local\Temp



---------------  S Y S T E M  ---------------

OS:
 Windows 11 , 64 bit Build 22621 (10.0.22621.3672)
OS uptime: 1 days 12:32 hours
Hyper-V role detected

CPU: total 16 (initial active 16) (8 cores per cpu, 2 threads per core) family 6 model 154 stepping 3 microcode 0x416, cx8, cmov, fxsr, ht, mmx, 3dnowpref, sse, sse2, sse3, ssse3, sse4.1, sse4.2, popcnt, lzcnt, tsc, tscinvbit, avx, avx2, aes, erms, clmul, bmi1, bmi2, adx, sha, fma, vzeroupper, clflush, clflushopt, clwb, hv

Memory: 4k page, system-wide physical 16108M (734M free)
TotalPageFile size 25157M (AvailPageFile size 37M)
current process WorkingSet (physical memory assigned to process): 299M, peak: 359M
current process commit charge ("private bytes"): 345M, peak: 414M

vm_info: OpenJDK 64-Bit Server VM (17.0.5+8) for windows-amd64 JRE (17.0.5+8), built on Oct 19 2022 04:48:13 by "temurin" with MS VC++ 16.7 (VS2019)

END.
