[INFO ]2024-07-1112:52:26.598[main]utils.LoggerLoad1)-Inside init
[INFO ]2024-07-1112:52:26.601[main]utils.LoggerLoad1)-The url is: https://www.tarladalal.com/
[INFO ]2024-07-1112:59:50.684[main]utils.LoggerLoad1)-Inside init
[INFO ]2024-07-1112:59:50.687[main]utils.LoggerLoad1)-The url is: https://www.tarladalal.com/
[INFO ]2024-07-1113:04:29.901[main]utils.LoggerLoad1)-Inside init
[INFO ]2024-07-1113:04:29.905[main]utils.LoggerLoad1)-The url is: https://www.tarladalal.com/
[INFO ]2024-07-1119:17:26.593[main]utils.LoggerLoad1)-Inside init
[INFO ]2024-07-1119:17:26.597[main]utils.LoggerLoad1)-The url is: https://www.tarladalal.com/
[INFO ]2024-07-1119:21:10.409[main]utils.LoggerLoad1)-Inside init
[INFO ]2024-07-1119:21:10.412[main]utils.LoggerLoad1)-The url is: https://www.tarladalal.com/
[INFO ]2024-07-1119:25:13.477[main]utils.LoggerLoad1)-Inside init
[INFO ]2024-07-1119:25:13.479[main]utils.LoggerLoad1)-The url is: https://www.tarladalal.com/
[INFO ]2024-07-1119:59:29.125[main]utils.LoggerLoad1)-Inside init
[INFO ]2024-07-1119:59:29.131[main]utils.LoggerLoad1)-The url is: https://www.tarladalal.com/
[INFO ]2024-07-1123:34:24.223[main]utils.LoggerLoad1)-Inside init
[INFO ]2024-07-1123:34:24.226[main]utils.LoggerLoad1)-The url is: https://www.tarladalal.com/
[INFO ]2024-07-1123:37:23.995[main]utils.LoggerLoad1)-Inside init
[INFO ]2024-07-1123:37:23.997[main]utils.LoggerLoad1)-The url is: https://www.tarladalal.com/
[INFO ]2024-07-1123:39:13.034[main]utils.LoggerLoad1)-Inside init
[INFO ]2024-07-1123:39:13.037[main]utils.LoggerLoad1)-The url is: https://www.tarladalal.com/
[INFO ]2024-07-1123:42:22.788[main]utils.LoggerLoad1)-Inside init
[INFO ]2024-07-1123:42:22.791[main]utils.LoggerLoad1)-The url is: https://www.tarladalal.com/
[INFO ]2024-07-1314:49:07.378[main]utils.LoggerLoad1)-Inside init
[INFO ]2024-07-1314:49:07.381[main]utils.LoggerLoad1)-The url is: https://www.tarladalal.com/
[INFO ]2024-07-1320:45:23.158[main]utils.LoggerLoad1)-Inside init
[INFO ]2024-07-1320:45:23.162[main]utils.LoggerLoad1)-The url is: https://www.tarladalal.com/
[INFO ]2024-07-1320:52:31.459[main]utils.LoggerLoad1)-Inside init
[INFO ]2024-07-1320:52:31.463[main]utils.LoggerLoad1)-The url is: https://www.tarladalal.com/
[INFO ]2024-07-1414:52:56.116[main]utils.LoggerLoad1)-Inside init
[INFO ]2024-07-1414:52:56.119[main]utils.LoggerLoad1)-The url is: https://www.tarladalal.com/
[INFO ]2024-07-1414:55:17.909[main]utils.LoggerLoad1)-Inside init
[INFO ]2024-07-1414:55:17.911[main]utils.LoggerLoad1)-The url is: https://www.tarladalal.com/
[INFO ]2024-07-1415:33:34.577[main]utils.LoggerLoad1)-Inside init
[INFO ]2024-07-1415:33:34.579[main]utils.LoggerLoad1)-The url is: https://www.tarladalal.com/
[INFO ]2024-07-1415:35:58.379[main]utils.LoggerLoad1)-Inside init
[INFO ]2024-07-1415:35:58.381[main]utils.LoggerLoad1)-The url is: https://www.tarladalal.com/
[INFO ]2024-07-1415:56:17.142[main]utils.LoggerLoad1)-Inside init
[INFO ]2024-07-1415:56:17.144[main]utils.LoggerLoad1)-The url is: https://www.tarladalal.com/
[INFO ]2024-07-1415:59:52.909[main]utils.LoggerLoad1)-Inside init
[INFO ]2024-07-1415:59:52.912[main]utils.LoggerLoad1)-The url is: https://www.tarladalal.com/
[INFO ]2024-07-1416:03:47.405[main]utils.LoggerLoad1)-Inside init
[INFO ]2024-07-1416:03:47.407[main]utils.LoggerLoad1)-The url is: https://www.tarladalal.com/
[INFO ]2024-07-1416:04:50.640[main]utils.LoggerLoad1)-Inside init
[INFO ]2024-07-1416:04:50.642[main]utils.LoggerLoad1)-The url is: https://www.tarladalal.com/
[INFO ]2024-07-1416:23:25.413[main]utils.LoggerLoad1)-Inside init
[INFO ]2024-07-1416:23:25.415[main]utils.LoggerLoad1)-The url is: https://www.tarladalal.com/
[INFO ]2024-07-1416:24:47.083[main]utils.LoggerLoad1)-Inside init
[INFO ]2024-07-1416:24:47.085[main]utils.LoggerLoad1)-The url is: https://www.tarladalal.com/
[INFO ]2024-07-1416:28:01.842[main]utils.LoggerLoad1)-Inside init
[INFO ]2024-07-1416:28:01.844[main]utils.LoggerLoad1)-The url is: https://www.tarladalal.com/
[INFO ]2024-07-1416:32:25.986[main]utils.LoggerLoad1)-Inside init
[INFO ]2024-07-1416:32:25.988[main]utils.LoggerLoad1)-The url is: https://www.tarladalal.com/
[INFO ]2024-07-1416:33:16.408[main]utils.LoggerLoad1)-Inside init
[INFO ]2024-07-1416:33:16.410[main]utils.LoggerLoad1)-The url is: https://www.tarladalal.com/
[INFO ]2024-07-1416:34:56.077[main]utils.LoggerLoad1)-Inside init
[INFO ]2024-07-1416:34:56.080[main]utils.LoggerLoad1)-The url is: https://www.tarladalal.com/
[INFO ]2024-07-1416:38:41.732[main]utils.LoggerLoad1)-Inside init
[INFO ]2024-07-1416:38:41.734[main]utils.LoggerLoad1)-The url is: https://www.tarladalal.com/
[INFO ]2024-07-1417:39:07.439[main]utils.LoggerLoad1)-Inside init
[INFO ]2024-07-1417:39:07.441[main]utils.LoggerLoad1)-The url is: https://www.tarladalal.com/
[INFO ]2024-07-1417:39:49.092[main]utils.LoggerLoad1)-Inside init
[INFO ]2024-07-1417:39:49.094[main]utils.LoggerLoad1)-The url is: https://www.tarladalal.com/
[INFO ]2024-07-1417:40:30.006[main]utils.LoggerLoad1)-Inside init
[INFO ]2024-07-1417:40:30.009[main]utils.LoggerLoad1)-The url is: https://www.tarladalal.com/
[INFO ]2024-07-1417:49:25.770[main]utils.LoggerLoad1)-Inside init
[INFO ]2024-07-1417:49:25.772[main]utils.LoggerLoad1)-The url is: https://www.tarladalal.com/
[INFO ]2024-07-1419:07:19.190[main]utils.LoggerLoad1)-Inside init
[INFO ]2024-07-1419:07:19.193[main]utils.LoggerLoad1)-The url is: https://www.tarladalal.com/
[INFO ]2024-07-1419:12:00.291[main]utils.LoggerLoad1)-Inside init
[INFO ]2024-07-1419:12:00.294[main]utils.LoggerLoad1)-The url is: https://www.tarladalal.com/
[INFO ]2024-07-1419:17:27.372[main]utils.LoggerLoad1)-Inside init
[INFO ]2024-07-1419:17:27.374[main]utils.LoggerLoad1)-The url is: https://www.tarladalal.com/
[INFO ]2024-07-1420:20:43.139[main]utils.LoggerLoad1)-Inside init
[INFO ]2024-07-1420:20:43.141[main]utils.LoggerLoad1)-The url is: https://www.tarladalal.com/
[INFO ]2024-07-1420:22:48.729[main]utils.LoggerLoad1)-Inside init
[INFO ]2024-07-1420:22:48.731[main]utils.LoggerLoad1)-The url is: https://www.tarladalal.com/
[INFO ]2024-07-1420:25:20.941[main]utils.LoggerLoad1)-Inside init
[INFO ]2024-07-1420:25:20.943[main]utils.LoggerLoad1)-The url is: https://www.tarladalal.com/
[INFO ]2024-07-1420:34:49.903[main]utils.LoggerLoad1)-Inside init
[INFO ]2024-07-1420:34:49.906[main]utils.LoggerLoad1)-The url is: https://www.tarladalal.com/
[INFO ]2024-07-1420:40:30.875[main]utils.LoggerLoad1)-Inside init
[INFO ]2024-07-1420:40:30.877[main]utils.LoggerLoad1)-The url is: https://www.tarladalal.com/
[INFO ]2024-07-1420:45:00.160[main]utils.LoggerLoad1)-Inside init
[INFO ]2024-07-1420:45:00.162[main]utils.LoggerLoad1)-The url is: https://www.tarladalal.com/
[INFO ]2024-07-1420:47:55.273[main]utils.LoggerLoad1)-Inside init
[INFO ]2024-07-1420:47:55.275[main]utils.LoggerLoad1)-The url is: https://www.tarladalal.com/
[INFO ]2024-07-1420:49:34.775[main]utils.LoggerLoad1)-Inside init
[INFO ]2024-07-1420:49:34.777[main]utils.LoggerLoad1)-The url is: https://www.tarladalal.com/
[INFO ]2024-07-1519:51:16.233[main]utils.LoggerLoad1)-Inside init
[INFO ]2024-07-1519:51:16.235[main]utils.LoggerLoad1)-The url is: https://www.tarladalal.com/
[INFO ]2024-07-1519:53:49.288[main]utils.LoggerLoad1)-Inside init
[INFO ]2024-07-1519:53:49.291[main]utils.LoggerLoad1)-The url is: https://www.tarladalal.com/
[INFO ]2024-07-1521:44:43.421[main]utils.LoggerLoad1)-Inside init
[INFO ]2024-07-1521:44:43.425[main]utils.LoggerLoad1)-The url is: https://www.tarladalal.com/
[INFO ]2024-07-1521:45:49.955[main]utils.LoggerLoad1)-Inside init
[INFO ]2024-07-1521:45:49.957[main]utils.LoggerLoad1)-The url is: https://www.tarladalal.com/
[INFO ]2024-07-1521:52:57.689[main]utils.LoggerLoad1)-Inside init
[INFO ]2024-07-1521:52:57.692[main]utils.LoggerLoad1)-The url is: https://www.tarladalal.com/
[INFO ]2024-07-1521:54:58.292[main]utils.LoggerLoad1)-Inside init
[INFO ]2024-07-1521:54:58.294[main]utils.LoggerLoad1)-The url is: https://www.tarladalal.com/
[INFO ]2024-07-1522:25:08.724[main]utils.LoggerLoad1)-Inside init
[INFO ]2024-07-1522:25:08.725[main]utils.LoggerLoad1)-The url is: https://www.tarladalal.com/
[INFO ]2024-07-1522:32:02.737[main]utils.LoggerLoad1)-Inside init
[INFO ]2024-07-1522:32:02.740[main]utils.LoggerLoad1)-The url is: https://www.tarladalal.com/
[INFO ]2024-07-1522:34:11.220[main]utils.LoggerLoad1)-Inside init
[INFO ]2024-07-1522:34:11.222[main]utils.LoggerLoad1)-The url is: https://www.tarladalal.com/
[INFO ]2024-07-1522:36:09.693[main]utils.LoggerLoad1)-Inside init
[INFO ]2024-07-1522:36:09.696[main]utils.LoggerLoad1)-The url is: https://www.tarladalal.com/
[INFO ]2024-07-1522:36:44.312[main]utils.LoggerLoad1)-Inside init
[INFO ]2024-07-1522:36:44.315[main]utils.LoggerLoad1)-The url is: https://www.tarladalal.com/
[INFO ]2024-07-1522:40:19.780[main]utils.LoggerLoad1)-Inside init
[INFO ]2024-07-1522:40:19.782[main]utils.LoggerLoad1)-The url is: https://www.tarladalal.com/
[INFO ]2024-07-1600:41:41.227[main]utils.LoggerLoad1)-Inside init
[INFO ]2024-07-1600:41:41.231[main]utils.LoggerLoad1)-The url is: https://www.tarladalal.com/
[INFO ]2024-07-1600:44:41.056[main]utils.LoggerLoad1)-Inside init
[INFO ]2024-07-1600:44:41.059[main]utils.LoggerLoad1)-The url is: https://www.tarladalal.com/
[INFO ]2024-07-1600:48:12.423[main]utils.LoggerLoad1)-Inside init
[INFO ]2024-07-1600:48:12.425[main]utils.LoggerLoad1)-The url is: https://www.tarladalal.com/
[INFO ]2024-07-1600:54:31.045[main]utils.LoggerLoad1)-Inside init
[INFO ]2024-07-1600:54:31.048[main]utils.LoggerLoad1)-The url is: https://www.tarladalal.com/
[INFO ]2024-07-1600:57:08.784[main]utils.LoggerLoad1)-Inside init
[INFO ]2024-07-1600:57:08.787[main]utils.LoggerLoad1)-The url is: https://www.tarladalal.com/
[INFO ]2024-07-1600:58:50.689[main]utils.LoggerLoad1)-Inside init
[INFO ]2024-07-1600:58:50.692[main]utils.LoggerLoad1)-The url is: https://www.tarladalal.com/
[ERROR]2024-07-1600:59:15.926[main]org.apache.poi.openxml4j.opc.internal.marshallers.ZipPartMarshaller1)-Cannot write: /xl/metadata: in ZIP
java.io.EOFException: Unexpected end of ZLIB input stream
	at java.base/java.util.zip.InflaterInputStream.fill(InflaterInputStream.java:244) ~[?:?]
	at org.apache.commons.compress.archivers.zip.InflaterInputStreamWithStatistics.fill(InflaterInputStreamWithStatistics.java:51) ~[commons-compress-1.26.2.jar:1.26.2]
	at java.base/java.util.zip.InflaterInputStream.read(InflaterInputStream.java:158) ~[?:?]
	at org.apache.commons.compress.archivers.zip.InflaterInputStreamWithStatistics.read(InflaterInputStreamWithStatistics.java:76) ~[commons-compress-1.26.2.jar:1.26.2]
	at java.base/java.io.FilterInputStream.read(FilterInputStream.java:132) ~[?:?]
	at org.apache.poi.openxml4j.util.ZipArchiveThresholdInputStream.read(ZipArchiveThresholdInputStream.java:78) ~[poi-ooxml-5.2.5.jar:5.2.5]
	at org.apache.poi.util.IOUtils.copy(IOUtils.java:413) ~[poi-5.2.5.jar:5.2.5]
	at org.apache.poi.util.IOUtils.copy(IOUtils.java:392) ~[poi-5.2.5.jar:5.2.5]
	at org.apache.poi.openxml4j.opc.internal.marshallers.ZipPartMarshaller.marshall(ZipPartMarshaller.java:89) ~[poi-ooxml-5.2.5.jar:5.2.5]
	at org.apache.poi.openxml4j.opc.ZipPackagePart.save(ZipPackagePart.java:127) ~[poi-ooxml-5.2.5.jar:5.2.5]
	at org.apache.poi.openxml4j.opc.internal.marshallers.DefaultMarshaller.marshall(DefaultMarshaller.java:46) ~[poi-ooxml-5.2.5.jar:5.2.5]
	at org.apache.poi.openxml4j.opc.ZipPackage.saveImpl(ZipPackage.java:629) ~[poi-ooxml-5.2.5.jar:5.2.5]
	at org.apache.poi.openxml4j.opc.OPCPackage.save(OPCPackage.java:1532) ~[poi-ooxml-5.2.5.jar:5.2.5]
	at org.apache.poi.ooxml.POIXMLDocument.write(POIXMLDocument.java:227) ~[poi-ooxml-5.2.5.jar:5.2.5]
	at utils.ExcelUtility.storeRecipeInfo(ExcelUtility.java:174) ~[test-classes/:?]
	at org.pageobjects.RecipeKtoO.getRecipeInfo(RecipeKtoO.java:221) ~[test-classes/:?]
	at tests.HomePageTest.RecipeAtoETest(HomePageTest.java:33) ~[test-classes/:?]
	at java.base/jdk.internal.reflect.NativeMethodAccessorImpl.invoke0(Native Method) ~[?:?]
	at java.base/jdk.internal.reflect.NativeMethodAccessorImpl.invoke(NativeMethodAccessorImpl.java:77) ~[?:?]
	at java.base/jdk.internal.reflect.DelegatingMethodAccessorImpl.invoke(DelegatingMethodAccessorImpl.java:43) ~[?:?]
	at java.base/java.lang.reflect.Method.invoke(Method.java:568) ~[?:?]
	at org.testng.internal.invokers.MethodInvocationHelper.invokeMethod(MethodInvocationHelper.java:139) ~[testng-7.8.0.jar:7.8.0]
	at org.testng.internal.invokers.TestInvoker.invokeMethod(TestInvoker.java:664) ~[testng-7.8.0.jar:7.8.0]
	at org.testng.internal.invokers.TestInvoker.invokeTestMethod(TestInvoker.java:227) ~[testng-7.8.0.jar:7.8.0]
	at org.testng.internal.invokers.MethodRunner.runInSequence(MethodRunner.java:50) ~[testng-7.8.0.jar:7.8.0]
	at org.testng.internal.invokers.TestInvoker$MethodInvocationAgent.invoke(TestInvoker.java:957) ~[testng-7.8.0.jar:7.8.0]
	at org.testng.internal.invokers.TestInvoker.invokeTestMethods(TestInvoker.java:200) ~[testng-7.8.0.jar:7.8.0]
	at org.testng.internal.invokers.TestMethodWorker.invokeTestMethods(TestMethodWorker.java:148) ~[testng-7.8.0.jar:7.8.0]
	at org.testng.internal.invokers.TestMethodWorker.run(TestMethodWorker.java:128) ~[testng-7.8.0.jar:7.8.0]
	at java.base/java.util.ArrayList.forEach(ArrayList.java:1511) [?:?]
	at org.testng.TestRunner.privateRun(TestRunner.java:848) [testng-7.8.0.jar:7.8.0]
	at org.testng.TestRunner.run(TestRunner.java:621) [testng-7.8.0.jar:7.8.0]
	at org.testng.SuiteRunner.runTest(SuiteRunner.java:443) [testng-7.8.0.jar:7.8.0]
	at org.testng.SuiteRunner.runSequentially(SuiteRunner.java:437) [testng-7.8.0.jar:7.8.0]
	at org.testng.SuiteRunner.privateRun(SuiteRunner.java:397) [testng-7.8.0.jar:7.8.0]
	at org.testng.SuiteRunner.run(SuiteRunner.java:336) [testng-7.8.0.jar:7.8.0]
	at org.testng.SuiteRunnerWorker.runSuite(SuiteRunnerWorker.java:52) [testng-7.8.0.jar:7.8.0]
	at org.testng.SuiteRunnerWorker.run(SuiteRunnerWorker.java:95) [testng-7.8.0.jar:7.8.0]
	at org.testng.TestNG.runSuitesSequentially(TestNG.java:1280) [testng-7.8.0.jar:7.8.0]
	at org.testng.TestNG.runSuitesLocally(TestNG.java:1200) [testng-7.8.0.jar:7.8.0]
	at org.testng.TestNG.runSuites(TestNG.java:1114) [testng-7.8.0.jar:7.8.0]
	at org.testng.TestNG.run(TestNG.java:1082) [testng-7.8.0.jar:7.8.0]
	at org.testng.remote.AbstractRemoteTestNG.run(AbstractRemoteTestNG.java:115) [testng-remote.jar:?]
	at org.testng.remote.RemoteTestNG.initAndRun(RemoteTestNG.java:251) [testng-remote.jar:?]
	at org.testng.remote.RemoteTestNG.main(RemoteTestNG.java:77) [testng-remote.jar:?]
[INFO ]2024-07-1601:01:20.798[main]utils.LoggerLoad1)-Inside init
[INFO ]2024-07-1601:01:20.801[main]utils.LoggerLoad1)-The url is: https://www.tarladalal.com/
[WARN ]2024-07-1601:01:45.916[main]org.apache.poi.openxml4j.opc.ZipPackage1)-Error in zip file .\src\test\resources\Recipe-filters-ScrapperHackathon.xlsx - falling back to stream processing (i.e. ignoring zip central directory)
[INFO ]2024-07-1618:32:04.750[main]utils.LoggerLoad1)-Inside init
[INFO ]2024-07-1618:32:04.752[main]utils.LoggerLoad1)-The url is: https://www.tarladalal.com/
[INFO ]2024-07-1618:32:48.013[main]utils.LoggerLoad1)-Inside init
[INFO ]2024-07-1618:32:48.016[main]utils.LoggerLoad1)-The url is: https://www.tarladalal.com/
[INFO ]2024-07-1618:34:05.407[main]utils.LoggerLoad1)-Inside init
[INFO ]2024-07-1618:34:05.410[main]utils.LoggerLoad1)-The url is: https://www.tarladalal.com/
[INFO ]2024-07-1618:34:56.728[main]utils.LoggerLoad1)-Inside init
[INFO ]2024-07-1618:34:56.730[main]utils.LoggerLoad1)-The url is: https://www.tarladalal.com/
[INFO ]2024-07-1618:35:43.261[main]utils.LoggerLoad1)-Inside init
[INFO ]2024-07-1618:35:43.264[main]utils.LoggerLoad1)-The url is: https://www.tarladalal.com/
[INFO ]2024-07-1618:37:20.647[main]utils.LoggerLoad1)-Inside init
[INFO ]2024-07-1618:37:20.649[main]utils.LoggerLoad1)-The url is: https://www.tarladalal.com/
[INFO ]2024-07-1618:39:10.556[main]utils.LoggerLoad1)-Inside init
[INFO ]2024-07-1618:39:10.559[main]utils.LoggerLoad1)-The url is: https://www.tarladalal.com/
[INFO ]2024-07-1618:40:26.689[main]utils.LoggerLoad1)-Inside init
[INFO ]2024-07-1618:40:26.691[main]utils.LoggerLoad1)-The url is: https://www.tarladalal.com/
[INFO ]2024-07-1618:42:59.640[main]utils.LoggerLoad1)-Inside init
[INFO ]2024-07-1618:42:59.642[main]utils.LoggerLoad1)-The url is: https://www.tarladalal.com/
[INFO ]2024-07-1619:36:04.744[main]utils.LoggerLoad1)-Inside init
[INFO ]2024-07-1619:36:04.746[main]utils.LoggerLoad1)-The url is: https://www.tarladalal.com/
[INFO ]2024-07-1619:37:19.092[main]utils.LoggerLoad1)-Inside init
[INFO ]2024-07-1619:37:19.094[main]utils.LoggerLoad1)-The url is: https://www.tarladalal.com/
[INFO ]2024-07-1621:52:33.803[main]utils.LoggerLoad1)-Inside init
[INFO ]2024-07-1621:52:33.805[main]utils.LoggerLoad1)-The url is: https://www.tarladalal.com/
[INFO ]2024-07-1621:55:07.429[main]utils.LoggerLoad1)-Inside init
[INFO ]2024-07-1621:55:07.431[main]utils.LoggerLoad1)-The url is: https://www.tarladalal.com/
[INFO ]2024-07-1622:03:06.288[main]utils.LoggerLoad1)-Inside init
[INFO ]2024-07-1622:03:06.291[main]utils.LoggerLoad1)-The url is: https://www.tarladalal.com/
[INFO ]2024-07-1622:05:56.547[main]utils.LoggerLoad1)-Inside init
[INFO ]2024-07-1622:05:56.550[main]utils.LoggerLoad1)-The url is: https://www.tarladalal.com/
[INFO ]2024-07-1622:16:35.099[main]utils.LoggerLoad1)-Inside init
[INFO ]2024-07-1622:16:35.102[main]utils.LoggerLoad1)-The url is: https://www.tarladalal.com/
[ERROR]2024-07-1622:17:09.405[main]org.apache.poi.openxml4j.opc.internal.marshallers.ZipPartMarshaller1)-Cannot write: /xl/metadata: in ZIP
java.io.EOFException: Unexpected end of ZLIB input stream
	at java.base/java.util.zip.InflaterInputStream.fill(InflaterInputStream.java:244) ~[?:?]
	at org.apache.commons.compress.archivers.zip.InflaterInputStreamWithStatistics.fill(InflaterInputStreamWithStatistics.java:51) ~[commons-compress-1.26.2.jar:1.26.2]
	at java.base/java.util.zip.InflaterInputStream.read(InflaterInputStream.java:158) ~[?:?]
	at org.apache.commons.compress.archivers.zip.InflaterInputStreamWithStatistics.read(InflaterInputStreamWithStatistics.java:76) ~[commons-compress-1.26.2.jar:1.26.2]
	at java.base/java.io.FilterInputStream.read(FilterInputStream.java:132) ~[?:?]
	at org.apache.poi.openxml4j.util.ZipArchiveThresholdInputStream.read(ZipArchiveThresholdInputStream.java:78) ~[poi-ooxml-5.2.5.jar:5.2.5]
	at org.apache.poi.util.IOUtils.copy(IOUtils.java:413) ~[poi-5.2.5.jar:5.2.5]
	at org.apache.poi.util.IOUtils.copy(IOUtils.java:392) ~[poi-5.2.5.jar:5.2.5]
	at org.apache.poi.openxml4j.opc.internal.marshallers.ZipPartMarshaller.marshall(ZipPartMarshaller.java:89) ~[poi-ooxml-5.2.5.jar:5.2.5]
	at org.apache.poi.openxml4j.opc.ZipPackagePart.save(ZipPackagePart.java:127) ~[poi-ooxml-5.2.5.jar:5.2.5]
	at org.apache.poi.openxml4j.opc.internal.marshallers.DefaultMarshaller.marshall(DefaultMarshaller.java:46) ~[poi-ooxml-5.2.5.jar:5.2.5]
	at org.apache.poi.openxml4j.opc.ZipPackage.saveImpl(ZipPackage.java:629) ~[poi-ooxml-5.2.5.jar:5.2.5]
	at org.apache.poi.openxml4j.opc.OPCPackage.save(OPCPackage.java:1532) ~[poi-ooxml-5.2.5.jar:5.2.5]
	at org.apache.poi.ooxml.POIXMLDocument.write(POIXMLDocument.java:227) ~[poi-ooxml-5.2.5.jar:5.2.5]
	at utils.ExcelUtility.storeRecipeInfo(ExcelUtility.java:176) ~[test-classes/:?]
	at org.pageobjects.RecipeAtoE.getRecipeInfo(RecipeAtoE.java:39) ~[test-classes/:?]
	at tests.HomePageTest.RecipeAtoETest(HomePageTest.java:33) ~[test-classes/:?]
	at java.base/jdk.internal.reflect.NativeMethodAccessorImpl.invoke0(Native Method) ~[?:?]
	at java.base/jdk.internal.reflect.NativeMethodAccessorImpl.invoke(NativeMethodAccessorImpl.java:77) ~[?:?]
	at java.base/jdk.internal.reflect.DelegatingMethodAccessorImpl.invoke(DelegatingMethodAccessorImpl.java:43) ~[?:?]
	at java.base/java.lang.reflect.Method.invoke(Method.java:568) ~[?:?]
	at org.testng.internal.invokers.MethodInvocationHelper.invokeMethod(MethodInvocationHelper.java:139) ~[testng-7.8.0.jar:7.8.0]
	at org.testng.internal.invokers.TestInvoker.invokeMethod(TestInvoker.java:664) ~[testng-7.8.0.jar:7.8.0]
	at org.testng.internal.invokers.TestInvoker.invokeTestMethod(TestInvoker.java:227) ~[testng-7.8.0.jar:7.8.0]
	at org.testng.internal.invokers.MethodRunner.runInSequence(MethodRunner.java:50) ~[testng-7.8.0.jar:7.8.0]
	at org.testng.internal.invokers.TestInvoker$MethodInvocationAgent.invoke(TestInvoker.java:957) ~[testng-7.8.0.jar:7.8.0]
	at org.testng.internal.invokers.TestInvoker.invokeTestMethods(TestInvoker.java:200) ~[testng-7.8.0.jar:7.8.0]
	at org.testng.internal.invokers.TestMethodWorker.invokeTestMethods(TestMethodWorker.java:148) ~[testng-7.8.0.jar:7.8.0]
	at org.testng.internal.invokers.TestMethodWorker.run(TestMethodWorker.java:128) ~[testng-7.8.0.jar:7.8.0]
	at java.base/java.util.ArrayList.forEach(ArrayList.java:1511) [?:?]
	at org.testng.TestRunner.privateRun(TestRunner.java:848) [testng-7.8.0.jar:7.8.0]
	at org.testng.TestRunner.run(TestRunner.java:621) [testng-7.8.0.jar:7.8.0]
	at org.testng.SuiteRunner.runTest(SuiteRunner.java:443) [testng-7.8.0.jar:7.8.0]
	at org.testng.SuiteRunner.runSequentially(SuiteRunner.java:437) [testng-7.8.0.jar:7.8.0]
	at org.testng.SuiteRunner.privateRun(SuiteRunner.java:397) [testng-7.8.0.jar:7.8.0]
	at org.testng.SuiteRunner.run(SuiteRunner.java:336) [testng-7.8.0.jar:7.8.0]
	at org.testng.SuiteRunnerWorker.runSuite(SuiteRunnerWorker.java:52) [testng-7.8.0.jar:7.8.0]
	at org.testng.SuiteRunnerWorker.run(SuiteRunnerWorker.java:95) [testng-7.8.0.jar:7.8.0]
	at org.testng.TestNG.runSuitesSequentially(TestNG.java:1280) [testng-7.8.0.jar:7.8.0]
	at org.testng.TestNG.runSuitesLocally(TestNG.java:1200) [testng-7.8.0.jar:7.8.0]
	at org.testng.TestNG.runSuites(TestNG.java:1114) [testng-7.8.0.jar:7.8.0]
	at org.testng.TestNG.run(TestNG.java:1082) [testng-7.8.0.jar:7.8.0]
	at org.testng.remote.AbstractRemoteTestNG.run(AbstractRemoteTestNG.java:115) [testng-remote.jar:?]
	at org.testng.remote.RemoteTestNG.initAndRun(RemoteTestNG.java:251) [testng-remote.jar:?]
	at org.testng.remote.RemoteTestNG.main(RemoteTestNG.java:77) [testng-remote.jar:?]
[INFO ]2024-07-1622:21:25.563[main]utils.LoggerLoad1)-Inside init
[INFO ]2024-07-1622:21:25.565[main]utils.LoggerLoad1)-The url is: https://www.tarladalal.com/
[INFO ]2024-07-1622:24:14.994[main]utils.LoggerLoad1)-Inside init
[INFO ]2024-07-1622:24:14.996[main]utils.LoggerLoad1)-The url is: https://www.tarladalal.com/
[INFO ]2024-07-1622:25:56.167[main]utils.LoggerLoad1)-Inside init
[INFO ]2024-07-1622:25:56.170[main]utils.LoggerLoad1)-The url is: https://www.tarladalal.com/
[INFO ]2024-07-1622:27:48.248[main]utils.LoggerLoad1)-Inside init
[INFO ]2024-07-1622:27:48.250[main]utils.LoggerLoad1)-The url is: https://www.tarladalal.com/
[INFO ]2024-07-1622:30:47.871[main]utils.LoggerLoad1)-Inside init
[INFO ]2024-07-1622:30:47.874[main]utils.LoggerLoad1)-The url is: https://www.tarladalal.com/
[INFO ]2024-07-1622:31:29.456[main]utils.LoggerLoad1)-Inside init
[INFO ]2024-07-1622:31:29.459[main]utils.LoggerLoad1)-The url is: https://www.tarladalal.com/
[INFO ]2024-07-1622:34:25.966[main]utils.LoggerLoad1)-Inside init
[INFO ]2024-07-1622:34:25.969[main]utils.LoggerLoad1)-The url is: https://www.tarladalal.com/
[INFO ]2024-07-1622:35:20.207[main]utils.LoggerLoad1)-Inside init
[INFO ]2024-07-1622:35:20.209[main]utils.LoggerLoad1)-The url is: https://www.tarladalal.com/
[INFO ]2024-07-1622:35:58.451[main]utils.LoggerLoad1)-Inside init
[INFO ]2024-07-1622:35:58.453[main]utils.LoggerLoad1)-The url is: https://www.tarladalal.com/
[INFO ]2024-07-1622:37:40.531[main]utils.LoggerLoad1)-Inside init
[INFO ]2024-07-1622:37:40.533[main]utils.LoggerLoad1)-The url is: https://www.tarladalal.com/
[INFO ]2024-07-1622:38:25.647[main]utils.LoggerLoad1)-Inside init
[INFO ]2024-07-1622:38:25.649[main]utils.LoggerLoad1)-The url is: https://www.tarladalal.com/
[INFO ]2024-07-1622:40:10.211[main]utils.LoggerLoad1)-Inside init
[INFO ]2024-07-1622:40:10.214[main]utils.LoggerLoad1)-The url is: https://www.tarladalal.com/
[INFO ]2024-07-1622:40:32.107[main]utils.LoggerLoad1)-Inside init
[INFO ]2024-07-1622:40:32.109[main]utils.LoggerLoad1)-The url is: https://www.tarladalal.com/
[INFO ]2024-07-1622:55:25.424[main]utils.LoggerLoad1)-Inside init
[INFO ]2024-07-1622:55:25.426[main]utils.LoggerLoad1)-The url is: https://www.tarladalal.com/
[INFO ]2024-07-1622:56:22.388[main]utils.LoggerLoad1)-Inside init
[INFO ]2024-07-1622:56:22.390[main]utils.LoggerLoad1)-The url is: https://www.tarladalal.com/
[INFO ]2024-07-1623:08:17.433[main]utils.LoggerLoad1)-Inside init
[INFO ]2024-07-1623:08:17.435[main]utils.LoggerLoad1)-The url is: https://www.tarladalal.com/
[INFO ]2024-07-1623:08:55.953[main]utils.LoggerLoad1)-Inside init
[INFO ]2024-07-1623:08:55.955[main]utils.LoggerLoad1)-The url is: https://www.tarladalal.com/
[INFO ]2024-07-1623:11:09.407[main]utils.LoggerLoad1)-Inside init
[INFO ]2024-07-1623:11:09.409[main]utils.LoggerLoad1)-The url is: https://www.tarladalal.com/
[INFO ]2024-07-1623:13:38.853[main]utils.LoggerLoad1)-Inside init
[INFO ]2024-07-1623:13:38.855[main]utils.LoggerLoad1)-The url is: https://www.tarladalal.com/
[INFO ]2024-07-1623:18:26.660[main]utils.LoggerLoad1)-Inside init
[INFO ]2024-07-1623:18:26.662[main]utils.LoggerLoad1)-The url is: https://www.tarladalal.com/
[INFO ]2024-07-1623:20:18.625[main]utils.LoggerLoad1)-Inside init
[INFO ]2024-07-1623:20:18.628[main]utils.LoggerLoad1)-The url is: https://www.tarladalal.com/
[INFO ]2024-07-1623:23:56.782[main]utils.LoggerLoad1)-Inside init
[INFO ]2024-07-1623:23:56.784[main]utils.LoggerLoad1)-The url is: https://www.tarladalal.com/
[INFO ]2024-07-1623:28:17.755[main]utils.LoggerLoad1)-Inside init
[INFO ]2024-07-1623:28:17.757[main]utils.LoggerLoad1)-The url is: https://www.tarladalal.com/
[INFO ]2024-07-1705:31:14.234[main]utils.LoggerLoad1)-Inside init
[INFO ]2024-07-1705:31:14.237[main]utils.LoggerLoad1)-The url is: https://www.tarladalal.com/
[INFO ]2024-07-1705:37:28.421[main]utils.LoggerLoad1)-Inside init
[INFO ]2024-07-1705:37:28.424[main]utils.LoggerLoad1)-The url is: https://www.tarladalal.com/
[INFO ]2024-07-1705:39:05.516[main]utils.LoggerLoad1)-Inside init
[INFO ]2024-07-1705:39:05.519[main]utils.LoggerLoad1)-The url is: https://www.tarladalal.com/
[INFO ]2024-07-1705:41:16.129[main]utils.LoggerLoad1)-Inside init
[INFO ]2024-07-1705:41:16.131[main]utils.LoggerLoad1)-The url is: https://www.tarladalal.com/
[INFO ]2024-07-1705:43:18.865[main]utils.LoggerLoad1)-Inside init
[INFO ]2024-07-1705:43:18.868[main]utils.LoggerLoad1)-The url is: https://www.tarladalal.com/
[INFO ]2024-07-1705:43:59.367[main]utils.LoggerLoad1)-Inside init
[INFO ]2024-07-1705:43:59.370[main]utils.LoggerLoad1)-The url is: https://www.tarladalal.com/
[INFO ]2024-07-1705:44:40.833[main]utils.LoggerLoad1)-Inside init
[INFO ]2024-07-1705:44:40.835[main]utils.LoggerLoad1)-The url is: https://www.tarladalal.com/
[INFO ]2024-07-1705:46:52.199[main]utils.LoggerLoad1)-Inside init
[INFO ]2024-07-1705:46:52.201[main]utils.LoggerLoad1)-The url is: https://www.tarladalal.com/
[INFO ]2024-07-1705:48:47.832[main]utils.LoggerLoad1)-Inside init
[INFO ]2024-07-1705:48:47.834[main]utils.LoggerLoad1)-The url is: https://www.tarladalal.com/
[INFO ]2024-07-1705:49:26.501[main]utils.LoggerLoad1)-Inside init
[INFO ]2024-07-1705:49:26.503[main]utils.LoggerLoad1)-The url is: https://www.tarladalal.com/
